[0.723s] DEBUG:colcon:Command line arguments: ['/usr/bin/colcon', 'build']
[0.723s] DEBUG:colcon:Parsed command line arguments: Namespace(log_base=None, log_level=None, verb_name='build', build_base='build', install_base='install', merge_install=False, symlink_install=False, test_result_base=None, continue_on_error=False, executor='parallel', parallel_workers=8, event_handlers=None, ignore_user_meta=False, metas=['./colcon.meta'], base_paths=['.'], packages_ignore=None, packages_ignore_regex=None, paths=None, packages_up_to=None, packages_up_to_regex=None, packages_above=None, packages_above_and_dependencies=None, packages_above_depth=None, packages_select_by_dep=None, packages_skip_by_dep=None, packages_skip_up_to=None, packages_select_build_failed=False, packages_skip_build_finished=False, packages_select_test_failures=False, packages_skip_test_passed=False, packages_select=None, packages_skip=None, packages_select_regex=None, packages_skip_regex=None, packages_start=None, packages_end=None, allow_overriding=[], cmake_args=None, cmake_target=None, cmake_target_skip_unavailable=False, cmake_clean_cache=False, cmake_clean_first=False, cmake_force_configure=False, ament_cmake_args=None, catkin_cmake_args=None, catkin_skip_building_tests=False, verb_parser=<colcon_defaults.argument_parser.defaults.DefaultArgumentsDecorator object at 0xffffa9610b50>, verb_extension=<colcon_core.verb.build.BuildVerb object at 0xffffa9610700>, main=<bound method BuildVerb.main of <colcon_core.verb.build.BuildVerb object at 0xffffa9610700>>)
[2.003s] Level 1:colcon.colcon_core.package_discovery:discover_packages(colcon_meta) check parameters
[2.003s] Level 1:colcon.colcon_core.package_discovery:discover_packages(recursive) check parameters
[2.004s] Level 1:colcon.colcon_core.package_discovery:discover_packages(ignore) check parameters
[2.004s] Level 1:colcon.colcon_core.package_discovery:discover_packages(path) check parameters
[2.004s] Level 1:colcon.colcon_core.package_discovery:discover_packages(colcon_meta) discover
[2.004s] Level 1:colcon.colcon_core.package_discovery:discover_packages(recursive) discover
[2.005s] INFO:colcon.colcon_core.package_discovery:Crawling recursively for packages in '/root/stp23_ros2_ws'
[2.005s] Level 1:colcon.colcon_core.package_identification:_identify(.) by extensions ['ignore', 'ignore_ament_install']
[2.006s] Level 1:colcon.colcon_core.package_identification:_identify(.) by extension 'ignore'
[2.006s] Level 1:colcon.colcon_core.package_identification:_identify(.) by extension 'ignore_ament_install'
[2.006s] Level 1:colcon.colcon_core.package_identification:_identify(.) by extensions ['colcon_pkg']
[2.006s] Level 1:colcon.colcon_core.package_identification:_identify(.) by extension 'colcon_pkg'
[2.007s] Level 1:colcon.colcon_core.package_identification:_identify(.) by extensions ['colcon_meta']
[2.007s] Level 1:colcon.colcon_core.package_identification:_identify(.) by extension 'colcon_meta'
[2.007s] Level 1:colcon.colcon_core.package_identification:_identify(.) by extensions ['ros']
[2.007s] Level 1:colcon.colcon_core.package_identification:_identify(.) by extension 'ros'
[2.082s] Level 1:colcon.colcon_core.package_identification:_identify(.) by extensions ['cmake', 'python']
[2.082s] Level 1:colcon.colcon_core.package_identification:_identify(.) by extension 'cmake'
[2.082s] Level 1:colcon.colcon_core.package_identification:_identify(.) by extension 'python'
[2.083s] Level 1:colcon.colcon_core.package_identification:_identify(.) by extensions ['python_setup_py']
[2.083s] Level 1:colcon.colcon_core.package_identification:_identify(.) by extension 'python_setup_py'
[2.083s] Level 1:colcon.colcon_core.package_identification:_identify(build) by extensions ['ignore', 'ignore_ament_install']
[2.084s] Level 1:colcon.colcon_core.package_identification:_identify(build) by extension 'ignore'
[2.084s] Level 1:colcon.colcon_core.package_identification:_identify(build) ignored
[2.085s] Level 1:colcon.colcon_core.package_identification:_identify(install) by extensions ['ignore', 'ignore_ament_install']
[2.085s] Level 1:colcon.colcon_core.package_identification:_identify(install) by extension 'ignore'
[2.085s] Level 1:colcon.colcon_core.package_identification:_identify(install) ignored
[2.086s] Level 1:colcon.colcon_core.package_identification:_identify(log) by extensions ['ignore', 'ignore_ament_install']
[2.086s] Level 1:colcon.colcon_core.package_identification:_identify(log) by extension 'ignore'
[2.087s] Level 1:colcon.colcon_core.package_identification:_identify(log) ignored
[2.087s] Level 1:colcon.colcon_core.package_identification:_identify(src) by extensions ['ignore', 'ignore_ament_install']
[2.087s] Level 1:colcon.colcon_core.package_identification:_identify(src) by extension 'ignore'
[2.088s] Level 1:colcon.colcon_core.package_identification:_identify(src) by extension 'ignore_ament_install'
[2.088s] Level 1:colcon.colcon_core.package_identification:_identify(src) by extensions ['colcon_pkg']
[2.088s] Level 1:colcon.colcon_core.package_identification:_identify(src) by extension 'colcon_pkg'
[2.088s] Level 1:colcon.colcon_core.package_identification:_identify(src) by extensions ['colcon_meta']
[2.089s] Level 1:colcon.colcon_core.package_identification:_identify(src) by extension 'colcon_meta'
[2.089s] Level 1:colcon.colcon_core.package_identification:_identify(src) by extensions ['ros']
[2.089s] Level 1:colcon.colcon_core.package_identification:_identify(src) by extension 'ros'
[2.090s] Level 1:colcon.colcon_core.package_identification:_identify(src) by extensions ['cmake', 'python']
[2.090s] Level 1:colcon.colcon_core.package_identification:_identify(src) by extension 'cmake'
[2.090s] Level 1:colcon.colcon_core.package_identification:_identify(src) by extension 'python'
[2.090s] Level 1:colcon.colcon_core.package_identification:_identify(src) by extensions ['python_setup_py']
[2.090s] Level 1:colcon.colcon_core.package_identification:_identify(src) by extension 'python_setup_py'
[2.091s] Level 1:colcon.colcon_core.package_identification:_identify(src/ldlidar_driver) by extensions ['ignore', 'ignore_ament_install']
[2.092s] Level 1:colcon.colcon_core.package_identification:_identify(src/ldlidar_driver) by extension 'ignore'
[2.092s] Level 1:colcon.colcon_core.package_identification:_identify(src/ldlidar_driver) by extension 'ignore_ament_install'
[2.092s] Level 1:colcon.colcon_core.package_identification:_identify(src/ldlidar_driver) by extensions ['colcon_pkg']
[2.093s] Level 1:colcon.colcon_core.package_identification:_identify(src/ldlidar_driver) by extension 'colcon_pkg'
[2.093s] Level 1:colcon.colcon_core.package_identification:_identify(src/ldlidar_driver) by extensions ['colcon_meta']
[2.093s] Level 1:colcon.colcon_core.package_identification:_identify(src/ldlidar_driver) by extension 'colcon_meta'
[2.093s] Level 1:colcon.colcon_core.package_identification:_identify(src/ldlidar_driver) by extensions ['ros']
[2.093s] Level 1:colcon.colcon_core.package_identification:_identify(src/ldlidar_driver) by extension 'ros'
[2.094s] Level 1:colcon.colcon_core.package_identification:_identify(src/ldlidar_driver) by extensions ['cmake', 'python']
[2.094s] Level 1:colcon.colcon_core.package_identification:_identify(src/ldlidar_driver) by extension 'cmake'
[2.094s] Level 1:colcon.colcon_core.package_identification:_identify(src/ldlidar_driver) by extension 'python'
[2.095s] Level 1:colcon.colcon_core.package_identification:_identify(src/ldlidar_driver) by extensions ['python_setup_py']
[2.095s] Level 1:colcon.colcon_core.package_identification:_identify(src/ldlidar_driver) by extension 'python_setup_py'
[2.096s] Level 1:colcon.colcon_core.package_identification:_identify(src/ldlidar_driver/include) by extensions ['ignore', 'ignore_ament_install']
[2.096s] Level 1:colcon.colcon_core.package_identification:_identify(src/ldlidar_driver/include) by extension 'ignore'
[2.097s] Level 1:colcon.colcon_core.package_identification:_identify(src/ldlidar_driver/include) by extension 'ignore_ament_install'
[2.097s] Level 1:colcon.colcon_core.package_identification:_identify(src/ldlidar_driver/include) by extensions ['colcon_pkg']
[2.097s] Level 1:colcon.colcon_core.package_identification:_identify(src/ldlidar_driver/include) by extension 'colcon_pkg'
[2.097s] Level 1:colcon.colcon_core.package_identification:_identify(src/ldlidar_driver/include) by extensions ['colcon_meta']
[2.098s] Level 1:colcon.colcon_core.package_identification:_identify(src/ldlidar_driver/include) by extension 'colcon_meta'
[2.098s] Level 1:colcon.colcon_core.package_identification:_identify(src/ldlidar_driver/include) by extensions ['ros']
[2.098s] Level 1:colcon.colcon_core.package_identification:_identify(src/ldlidar_driver/include) by extension 'ros'
[2.099s] Level 1:colcon.colcon_core.package_identification:_identify(src/ldlidar_driver/include) by extensions ['cmake', 'python']
[2.099s] Level 1:colcon.colcon_core.package_identification:_identify(src/ldlidar_driver/include) by extension 'cmake'
[2.099s] Level 1:colcon.colcon_core.package_identification:_identify(src/ldlidar_driver/include) by extension 'python'
[2.099s] Level 1:colcon.colcon_core.package_identification:_identify(src/ldlidar_driver/include) by extensions ['python_setup_py']
[2.099s] Level 1:colcon.colcon_core.package_identification:_identify(src/ldlidar_driver/include) by extension 'python_setup_py'
[2.100s] Level 1:colcon.colcon_core.package_identification:_identify(src/ldlidar_driver/src) by extensions ['ignore', 'ignore_ament_install']
[2.101s] Level 1:colcon.colcon_core.package_identification:_identify(src/ldlidar_driver/src) by extension 'ignore'
[2.101s] Level 1:colcon.colcon_core.package_identification:_identify(src/ldlidar_driver/src) by extension 'ignore_ament_install'
[2.101s] Level 1:colcon.colcon_core.package_identification:_identify(src/ldlidar_driver/src) by extensions ['colcon_pkg']
[2.102s] Level 1:colcon.colcon_core.package_identification:_identify(src/ldlidar_driver/src) by extension 'colcon_pkg'
[2.102s] Level 1:colcon.colcon_core.package_identification:_identify(src/ldlidar_driver/src) by extensions ['colcon_meta']
[2.102s] Level 1:colcon.colcon_core.package_identification:_identify(src/ldlidar_driver/src) by extension 'colcon_meta'
[2.102s] Level 1:colcon.colcon_core.package_identification:_identify(src/ldlidar_driver/src) by extensions ['ros']
[2.103s] Level 1:colcon.colcon_core.package_identification:_identify(src/ldlidar_driver/src) by extension 'ros'
[2.103s] Level 1:colcon.colcon_core.package_identification:_identify(src/ldlidar_driver/src) by extensions ['cmake', 'python']
[2.103s] Level 1:colcon.colcon_core.package_identification:_identify(src/ldlidar_driver/src) by extension 'cmake'
[2.103s] Level 1:colcon.colcon_core.package_identification:_identify(src/ldlidar_driver/src) by extension 'python'
[2.104s] Level 1:colcon.colcon_core.package_identification:_identify(src/ldlidar_driver/src) by extensions ['python_setup_py']
[2.104s] Level 1:colcon.colcon_core.package_identification:_identify(src/ldlidar_driver/src) by extension 'python_setup_py'
[2.104s] Level 1:colcon.colcon_core.package_identification:_identify(src/ros2_app) by extensions ['ignore', 'ignore_ament_install']
[2.105s] Level 1:colcon.colcon_core.package_identification:_identify(src/ros2_app) by extension 'ignore'
[2.105s] Level 1:colcon.colcon_core.package_identification:_identify(src/ros2_app) by extension 'ignore_ament_install'
[2.105s] Level 1:colcon.colcon_core.package_identification:_identify(src/ros2_app) by extensions ['colcon_pkg']
[2.106s] Level 1:colcon.colcon_core.package_identification:_identify(src/ros2_app) by extension 'colcon_pkg'
[2.106s] Level 1:colcon.colcon_core.package_identification:_identify(src/ros2_app) by extensions ['colcon_meta']
[2.106s] Level 1:colcon.colcon_core.package_identification:_identify(src/ros2_app) by extension 'colcon_meta'
[2.106s] Level 1:colcon.colcon_core.package_identification:_identify(src/ros2_app) by extensions ['ros']
[2.106s] Level 1:colcon.colcon_core.package_identification:_identify(src/ros2_app) by extension 'ros'
[2.107s] Level 1:colcon.colcon_core.package_identification:_identify(src/ros2_app) by extensions ['cmake', 'python']
[2.107s] Level 1:colcon.colcon_core.package_identification:_identify(src/ros2_app) by extension 'cmake'
[2.107s] Level 1:colcon.colcon_core.package_identification:_identify(src/ros2_app) by extension 'python'
[2.108s] Level 1:colcon.colcon_core.package_identification:_identify(src/ros2_app) by extensions ['python_setup_py']
[2.108s] Level 1:colcon.colcon_core.package_identification:_identify(src/ros2_app) by extension 'python_setup_py'
[2.108s] Level 1:colcon.colcon_core.package_identification:_identify(src/ros2_app/src) by extensions ['ignore', 'ignore_ament_install']
[2.109s] Level 1:colcon.colcon_core.package_identification:_identify(src/ros2_app/src) by extension 'ignore'
[2.109s] Level 1:colcon.colcon_core.package_identification:_identify(src/ros2_app/src) by extension 'ignore_ament_install'
[2.109s] Level 1:colcon.colcon_core.package_identification:_identify(src/ros2_app/src) by extensions ['colcon_pkg']
[2.110s] Level 1:colcon.colcon_core.package_identification:_identify(src/ros2_app/src) by extension 'colcon_pkg'
[2.110s] Level 1:colcon.colcon_core.package_identification:_identify(src/ros2_app/src) by extensions ['colcon_meta']
[2.110s] Level 1:colcon.colcon_core.package_identification:_identify(src/ros2_app/src) by extension 'colcon_meta'
[2.110s] Level 1:colcon.colcon_core.package_identification:_identify(src/ros2_app/src) by extensions ['ros']
[2.110s] Level 1:colcon.colcon_core.package_identification:_identify(src/ros2_app/src) by extension 'ros'
[2.111s] Level 1:colcon.colcon_core.package_identification:_identify(src/ros2_app/src) by extensions ['cmake', 'python']
[2.111s] Level 1:colcon.colcon_core.package_identification:_identify(src/ros2_app/src) by extension 'cmake'
[2.111s] Level 1:colcon.colcon_core.package_identification:_identify(src/ros2_app/src) by extension 'python'
[2.112s] Level 1:colcon.colcon_core.package_identification:_identify(src/ros2_app/src) by extensions ['python_setup_py']
[2.112s] Level 1:colcon.colcon_core.package_identification:_identify(src/ros2_app/src) by extension 'python_setup_py'
[2.112s] Level 1:colcon.colcon_core.package_identification:_identify(src/ros2_app/src/ldlidar) by extensions ['ignore', 'ignore_ament_install']
[2.113s] Level 1:colcon.colcon_core.package_identification:_identify(src/ros2_app/src/ldlidar) by extension 'ignore'
[2.113s] Level 1:colcon.colcon_core.package_identification:_identify(src/ros2_app/src/ldlidar) by extension 'ignore_ament_install'
[2.113s] Level 1:colcon.colcon_core.package_identification:_identify(src/ros2_app/src/ldlidar) by extensions ['colcon_pkg']
[2.114s] Level 1:colcon.colcon_core.package_identification:_identify(src/ros2_app/src/ldlidar) by extension 'colcon_pkg'
[2.114s] Level 1:colcon.colcon_core.package_identification:_identify(src/ros2_app/src/ldlidar) by extensions ['colcon_meta']
[2.114s] Level 1:colcon.colcon_core.package_identification:_identify(src/ros2_app/src/ldlidar) by extension 'colcon_meta'
[2.114s] Level 1:colcon.colcon_core.package_identification:_identify(src/ros2_app/src/ldlidar) by extensions ['ros']
[2.115s] Level 1:colcon.colcon_core.package_identification:_identify(src/ros2_app/src/ldlidar) by extension 'ros'
[2.130s] DEBUG:colcon.colcon_core.package_identification:Package 'src/ros2_app/src/ldlidar' with type 'ros.ament_cmake' and name 'ldlidar'
[2.130s] Level 1:colcon.colcon_core.package_discovery:discover_packages(recursive) using defaults
[2.130s] Level 1:colcon.colcon_core.package_discovery:discover_packages(ignore) discover
[2.131s] Level 1:colcon.colcon_core.package_discovery:discover_packages(ignore) using defaults
[2.131s] Level 1:colcon.colcon_core.package_discovery:discover_packages(path) discover
[2.131s] Level 1:colcon.colcon_core.package_discovery:discover_packages(path) using defaults
[2.252s] Level 1:colcon.colcon_core.package_discovery:discover_packages(prefix_path) check parameters
[2.252s] Level 1:colcon.colcon_core.package_discovery:discover_packages(prefix_path) discover
[2.274s] DEBUG:colcon.colcon_installed_package_information.package_discovery:Found 1 installed packages in /root/stp23_ros2_ws/install
[2.276s] DEBUG:colcon.colcon_installed_package_information.package_discovery:Found 54 installed packages in /opt/tros/humble
[2.286s] DEBUG:colcon.colcon_installed_package_information.package_discovery:Found 271 installed packages in /opt/ros/humble
[2.369s] Level 1:colcon.colcon_core.package_discovery:discover_packages(prefix_path) using defaults
[2.662s] Level 5:colcon.colcon_core.verb:set package 'ldlidar' build argument 'cmake_args' from command line to 'None'
[2.662s] Level 5:colcon.colcon_core.verb:set package 'ldlidar' build argument 'cmake_target' from command line to 'None'
[2.662s] Level 5:colcon.colcon_core.verb:set package 'ldlidar' build argument 'cmake_target_skip_unavailable' from command line to 'False'
[2.662s] Level 5:colcon.colcon_core.verb:set package 'ldlidar' build argument 'cmake_clean_cache' from command line to 'False'
[2.663s] Level 5:colcon.colcon_core.verb:set package 'ldlidar' build argument 'cmake_clean_first' from command line to 'False'
[2.663s] Level 5:colcon.colcon_core.verb:set package 'ldlidar' build argument 'cmake_force_configure' from command line to 'False'
[2.663s] Level 5:colcon.colcon_core.verb:set package 'ldlidar' build argument 'ament_cmake_args' from command line to 'None'
[2.663s] Level 5:colcon.colcon_core.verb:set package 'ldlidar' build argument 'catkin_cmake_args' from command line to 'None'
[2.663s] Level 5:colcon.colcon_core.verb:set package 'ldlidar' build argument 'catkin_skip_building_tests' from command line to 'False'
[2.664s] DEBUG:colcon.colcon_core.verb:Building package 'ldlidar' with the following arguments: {'ament_cmake_args': None, 'build_base': '/root/stp23_ros2_ws/build/ldlidar', 'catkin_cmake_args': None, 'catkin_skip_building_tests': False, 'cmake_args': None, 'cmake_clean_cache': False, 'cmake_clean_first': False, 'cmake_force_configure': False, 'cmake_target': None, 'cmake_target_skip_unavailable': False, 'install_base': '/root/stp23_ros2_ws/install/ldlidar', 'merge_install': False, 'path': '/root/stp23_ros2_ws/src/ros2_app/src/ldlidar', 'symlink_install': False, 'test_result_base': None}
[2.664s] INFO:colcon.colcon_core.executor:Executing jobs using 'parallel' executor
[2.669s] DEBUG:colcon.colcon_parallel_executor.executor.parallel:run_until_complete
[2.670s] INFO:colcon.colcon_ros.task.ament_cmake.build:Building ROS package in '/root/stp23_ros2_ws/src/ros2_app/src/ldlidar' with build type 'ament_cmake'
[2.671s] INFO:colcon.colcon_cmake.task.cmake.build:Building CMake package in '/root/stp23_ros2_ws/src/ros2_app/src/ldlidar'
[2.687s] INFO:colcon.colcon_core.plugin_system:Skipping extension 'colcon_core.shell.bat': Not used on non-Windows systems
[2.688s] INFO:colcon.colcon_core.shell:Skip shell extension 'powershell' for command environment: Not usable outside of PowerShell
[2.689s] DEBUG:colcon.colcon_core.shell:Skip shell extension 'dsv' for command environment
[2.728s] DEBUG:colcon.colcon_core.event_handler.log_command:Invoking command in '/root/stp23_ros2_ws/build/ldlidar': CMAKE_PREFIX_PATH=${CMAKE_PREFIX_PATH}:/opt/tros/humble:/opt/ros/humble /usr/bin/cmake --build /root/stp23_ros2_ws/build/ldlidar -- -j8 -l8
[3.306s] DEBUG:colcon.colcon_core.event_handler.log_command:Invoked command in '/root/stp23_ros2_ws/build/ldlidar' returned '0': CMAKE_PREFIX_PATH=${CMAKE_PREFIX_PATH}:/opt/tros/humble:/opt/ros/humble /usr/bin/cmake --build /root/stp23_ros2_ws/build/ldlidar -- -j8 -l8
[3.352s] DEBUG:colcon.colcon_core.event_handler.log_command:Invoking command in '/root/stp23_ros2_ws/build/ldlidar': CMAKE_PREFIX_PATH=${CMAKE_PREFIX_PATH}:/opt/tros/humble:/opt/ros/humble /usr/bin/cmake --install /root/stp23_ros2_ws/build/ldlidar
[3.409s] Level 1:colcon.colcon_core.environment:create_environment_scripts_only(ldlidar)
[3.412s] DEBUG:colcon.colcon_core.event_handler.log_command:Invoked command in '/root/stp23_ros2_ws/build/ldlidar' returned '0': CMAKE_PREFIX_PATH=${CMAKE_PREFIX_PATH}:/opt/tros/humble:/opt/ros/humble /usr/bin/cmake --install /root/stp23_ros2_ws/build/ldlidar
[3.436s] Level 1:colcon.colcon_core.environment:checking '/root/stp23_ros2_ws/install/ldlidar' for CMake module files
[3.441s] Level 1:colcon.colcon_core.environment:checking '/root/stp23_ros2_ws/install/ldlidar' for CMake config files
[3.442s] Level 1:colcon.colcon_core.shell:create_environment_hook('ldlidar', 'cmake_prefix_path')
[3.444s] INFO:colcon.colcon_core.shell:Creating environment hook '/root/stp23_ros2_ws/install/ldlidar/share/ldlidar/hook/cmake_prefix_path.ps1'
[3.448s] INFO:colcon.colcon_core.shell:Creating environment descriptor '/root/stp23_ros2_ws/install/ldlidar/share/ldlidar/hook/cmake_prefix_path.dsv'
[3.452s] INFO:colcon.colcon_core.shell:Creating environment hook '/root/stp23_ros2_ws/install/ldlidar/share/ldlidar/hook/cmake_prefix_path.sh'
[3.457s] Level 1:colcon.colcon_core.environment:checking '/root/stp23_ros2_ws/install/ldlidar/lib'
[3.458s] Level 1:colcon.colcon_core.environment:checking '/root/stp23_ros2_ws/install/ldlidar/bin'
[3.459s] Level 1:colcon.colcon_core.environment:checking '/root/stp23_ros2_ws/install/ldlidar/lib/pkgconfig/ldlidar.pc'
[3.460s] Level 1:colcon.colcon_core.environment:checking '/root/stp23_ros2_ws/install/ldlidar/lib/python3.10/site-packages'
[3.462s] Level 1:colcon.colcon_core.environment:checking '/root/stp23_ros2_ws/install/ldlidar/bin'
[3.464s] INFO:colcon.colcon_core.shell:Creating package script '/root/stp23_ros2_ws/install/ldlidar/share/ldlidar/package.ps1'
[3.470s] INFO:colcon.colcon_core.shell:Creating package descriptor '/root/stp23_ros2_ws/install/ldlidar/share/ldlidar/package.dsv'
[3.476s] INFO:colcon.colcon_core.shell:Creating package script '/root/stp23_ros2_ws/install/ldlidar/share/ldlidar/package.sh'
[3.481s] INFO:colcon.colcon_core.shell:Creating package script '/root/stp23_ros2_ws/install/ldlidar/share/ldlidar/package.bash'
[3.487s] INFO:colcon.colcon_core.shell:Creating package script '/root/stp23_ros2_ws/install/ldlidar/share/ldlidar/package.zsh'
[3.493s] Level 1:colcon.colcon_core.environment:create_file_with_runtime_dependencies(/root/stp23_ros2_ws/install/ldlidar/share/colcon-core/packages/ldlidar)
[3.497s] Level 1:colcon.colcon_core.environment:create_environment_scripts_only(ldlidar)
[3.499s] Level 1:colcon.colcon_core.environment:checking '/root/stp23_ros2_ws/install/ldlidar' for CMake module files
[3.503s] Level 1:colcon.colcon_core.environment:checking '/root/stp23_ros2_ws/install/ldlidar' for CMake config files
[3.504s] Level 1:colcon.colcon_core.shell:create_environment_hook('ldlidar', 'cmake_prefix_path')
[3.505s] INFO:colcon.colcon_core.shell:Creating environment hook '/root/stp23_ros2_ws/install/ldlidar/share/ldlidar/hook/cmake_prefix_path.ps1'
[3.507s] INFO:colcon.colcon_core.shell:Creating environment descriptor '/root/stp23_ros2_ws/install/ldlidar/share/ldlidar/hook/cmake_prefix_path.dsv'
[3.509s] INFO:colcon.colcon_core.shell:Creating environment hook '/root/stp23_ros2_ws/install/ldlidar/share/ldlidar/hook/cmake_prefix_path.sh'
[3.512s] Level 1:colcon.colcon_core.environment:checking '/root/stp23_ros2_ws/install/ldlidar/lib'
[3.512s] Level 1:colcon.colcon_core.environment:checking '/root/stp23_ros2_ws/install/ldlidar/bin'
[3.513s] Level 1:colcon.colcon_core.environment:checking '/root/stp23_ros2_ws/install/ldlidar/lib/pkgconfig/ldlidar.pc'
[3.514s] Level 1:colcon.colcon_core.environment:checking '/root/stp23_ros2_ws/install/ldlidar/lib/python3.10/site-packages'
[3.515s] Level 1:colcon.colcon_core.environment:checking '/root/stp23_ros2_ws/install/ldlidar/bin'
[3.517s] INFO:colcon.colcon_core.shell:Creating package script '/root/stp23_ros2_ws/install/ldlidar/share/ldlidar/package.ps1'
[3.520s] INFO:colcon.colcon_core.shell:Creating package descriptor '/root/stp23_ros2_ws/install/ldlidar/share/ldlidar/package.dsv'
[3.524s] INFO:colcon.colcon_core.shell:Creating package script '/root/stp23_ros2_ws/install/ldlidar/share/ldlidar/package.sh'
[3.526s] INFO:colcon.colcon_core.shell:Creating package script '/root/stp23_ros2_ws/install/ldlidar/share/ldlidar/package.bash'
[3.529s] INFO:colcon.colcon_core.shell:Creating package script '/root/stp23_ros2_ws/install/ldlidar/share/ldlidar/package.zsh'
[3.531s] Level 1:colcon.colcon_core.environment:create_file_with_runtime_dependencies(/root/stp23_ros2_ws/install/ldlidar/share/colcon-core/packages/ldlidar)
[3.532s] DEBUG:colcon.colcon_parallel_executor.executor.parallel:closing loop
[3.534s] DEBUG:colcon.colcon_parallel_executor.executor.parallel:loop closed
[3.534s] DEBUG:colcon.colcon_parallel_executor.executor.parallel:run_until_complete finished with '0'
[3.535s] DEBUG:colcon.colcon_core.event_reactor:joining thread
[3.572s] INFO:colcon.colcon_core.plugin_system:Skipping extension 'colcon_notification.desktop_notification.notify_send': Could not find 'notify-send'
[3.572s] INFO:colcon.colcon_core.plugin_system:Skipping extension 'colcon_notification.desktop_notification.terminal_notifier': Not used on non-Darwin systems
[3.573s] INFO:colcon.colcon_core.plugin_system:Skipping extension 'colcon_notification.desktop_notification.win32': Not used on non-Windows systems
[3.573s] INFO:colcon.colcon_notification.desktop_notification:Sending desktop notification using 'notify2'
[28.687s] DEBUG:colcon.colcon_notification.desktop_notification.notify2:Failed to initialize notify2: org.freedesktop.DBus.Error.NoReply: Did not receive a reply. Possible causes include: the remote application did not send a reply, the message bus security policy blocked the reply, the reply timeout expired, or the network connection was broken.
[28.687s] DEBUG:colcon.colcon_core.event_reactor:joined thread
[28.691s] INFO:colcon.colcon_core.shell:Creating prefix script '/root/stp23_ros2_ws/install/local_setup.ps1'
[28.702s] INFO:colcon.colcon_core.shell:Creating prefix util module '/root/stp23_ros2_ws/install/_local_setup_util_ps1.py'
[28.714s] INFO:colcon.colcon_core.shell:Creating prefix chain script '/root/stp23_ros2_ws/install/setup.ps1'
[28.728s] INFO:colcon.colcon_core.shell:Creating prefix script '/root/stp23_ros2_ws/install/local_setup.sh'
[28.733s] INFO:colcon.colcon_core.shell:Creating prefix util module '/root/stp23_ros2_ws/install/_local_setup_util_sh.py'
[28.737s] INFO:colcon.colcon_core.shell:Creating prefix chain script '/root/stp23_ros2_ws/install/setup.sh'
[28.745s] INFO:colcon.colcon_core.shell:Creating prefix script '/root/stp23_ros2_ws/install/local_setup.bash'
[28.749s] INFO:colcon.colcon_core.shell:Creating prefix chain script '/root/stp23_ros2_ws/install/setup.bash'
[28.756s] INFO:colcon.colcon_core.shell:Creating prefix script '/root/stp23_ros2_ws/install/local_setup.zsh'
[28.761s] INFO:colcon.colcon_core.shell:Creating prefix chain script '/root/stp23_ros2_ws/install/setup.zsh'
