[0.060s] Invoking command in '/root/stp23_ros2_ws/build/ldlidar': CMAKE_PREFIX_PATH=${CMAKE_PREFIX_PATH}:/opt/tros/humble:/opt/ros/humble /usr/bin/cmake --build /root/stp23_ros2_ws/build/ldlidar -- -j8 -l8
[0.343s] [ 50%] Built target stp23l_ros2node
[0.350s] [100%] Built target stp23_ros2node
[0.404s] Invoked command in '/root/stp23_ros2_ws/build/ldlidar' returned '0': CMAKE_PREFIX_PATH=${CMAKE_PREFIX_PATH}:/opt/tros/humble:/opt/ros/humble /usr/bin/cmake --build /root/stp23_ros2_ws/build/ldlidar -- -j8 -l8
[0.451s] Invoking command in '/root/stp23_ros2_ws/build/ldlidar': CMAKE_PREFIX_PATH=${CMAKE_PREFIX_PATH}:/opt/tros/humble:/opt/ros/humble /usr/bin/cmake --install /root/stp23_ros2_ws/build/ldlidar
[0.489s] -- Install configuration: ""
[0.489s] -- Up-to-date: /root/stp23_ros2_ws/install/ldlidar/lib/ldlidar/stp23_ros2node
[0.491s] -- Up-to-date: /root/stp23_ros2_ws/install/ldlidar/lib/ldlidar/stp23l_ros2node
[0.492s] -- Up-to-date: /root/stp23_ros2_ws/install/ldlidar/share/ldlidar//launch
[0.493s] -- Up-to-date: /root/stp23_ros2_ws/install/ldlidar/share/ldlidar//launch/stp23.launch.py
[0.494s] -- Up-to-date: /root/stp23_ros2_ws/install/ldlidar/share/ldlidar//launch/viewer_stp23l.launch.py
[0.495s] -- Up-to-date: /root/stp23_ros2_ws/install/ldlidar/share/ldlidar//launch/viewer_stp23.launch.py
[0.496s] -- Installing: /root/stp23_ros2_ws/install/ldlidar/share/ldlidar//launch/stp23l.launch.py
[0.497s] -- Up-to-date: /root/stp23_ros2_ws/install/ldlidar/share/ldlidar//rviz2
[0.498s] -- Up-to-date: /root/stp23_ros2_ws/install/ldlidar/share/ldlidar//rviz2/ldlidar.rviz
[0.498s] -- Up-to-date: /root/stp23_ros2_ws/install/ldlidar/share/ament_index/resource_index/package_run_dependencies/ldlidar
[0.499s] -- Up-to-date: /root/stp23_ros2_ws/install/ldlidar/share/ament_index/resource_index/parent_prefix_path/ldlidar
[0.499s] -- Up-to-date: /root/stp23_ros2_ws/install/ldlidar/share/ldlidar/environment/ament_prefix_path.sh
[0.500s] -- Up-to-date: /root/stp23_ros2_ws/install/ldlidar/share/ldlidar/environment/ament_prefix_path.dsv
[0.500s] -- Up-to-date: /root/stp23_ros2_ws/install/ldlidar/share/ldlidar/environment/path.sh
[0.501s] -- Up-to-date: /root/stp23_ros2_ws/install/ldlidar/share/ldlidar/environment/path.dsv
[0.503s] -- Up-to-date: /root/stp23_ros2_ws/install/ldlidar/share/ldlidar/local_setup.bash
[0.504s] -- Up-to-date: /root/stp23_ros2_ws/install/ldlidar/share/ldlidar/local_setup.sh
[0.507s] -- Up-to-date: /root/stp23_ros2_ws/install/ldlidar/share/ldlidar/local_setup.zsh
[0.508s] -- Up-to-date: /root/stp23_ros2_ws/install/ldlidar/share/ldlidar/local_setup.dsv
[0.509s] -- Installing: /root/stp23_ros2_ws/install/ldlidar/share/ldlidar/package.dsv
[0.511s] -- Up-to-date: /root/stp23_ros2_ws/install/ldlidar/share/ament_index/resource_index/packages/ldlidar
[0.512s] -- Up-to-date: /root/stp23_ros2_ws/install/ldlidar/share/ldlidar/cmake/ldlidarConfig.cmake
[0.512s] -- Up-to-date: /root/stp23_ros2_ws/install/ldlidar/share/ldlidar/cmake/ldlidarConfig-version.cmake
[0.513s] -- Up-to-date: /root/stp23_ros2_ws/install/ldlidar/share/ldlidar/package.xml
[0.514s] Invoked command in '/root/stp23_ros2_ws/build/ldlidar' returned '0': CMAKE_PREFIX_PATH=${CMAKE_PREFIX_PATH}:/opt/tros/humble:/opt/ros/humble /usr/bin/cmake --install /root/stp23_ros2_ws/build/ldlidar
