-- The C compiler identification is GNU 11.2.0
-- The CXX compiler identification is GNU 11.2.0
-- Detecting C compiler ABI info
-- Detecting C compiler ABI info - done
-- Check for working C compiler: /usr/bin/cc - skipped
-- Detecting C compile features
-- Detecting C compile features - done
-- Detecting CXX compiler ABI info
-- Detecting CXX compiler ABI info - done
-- Check for working CXX compiler: /usr/bin/c++ - skipped
-- Detecting CXX compile features
-- Detecting CXX compile features - done
-- Found ament_cmake: 1.3.11 (/opt/ros/humble/share/ament_cmake/cmake)
-- Found Python3: /usr/bin/python3 (found version "3.10.12") found components: Interpreter 
-- Found rclcpp: 16.0.12 (/opt/ros/humble/share/rclcpp/cmake)
-- Found rosidl_generator_c: 3.1.6 (/opt/ros/humble/share/rosidl_generator_c/cmake)
-- Found rosidl_adapter: 3.1.6 (/opt/ros/humble/share/rosidl_adapter/cmake)
-- Found rosidl_generator_cpp: 3.1.6 (/opt/ros/humble/share/rosidl_generator_cpp/cmake)
-- Using all available rosidl_typesupport_c: rosidl_typesupport_fastrtps_c;rosidl_typesupport_introspection_c
-- Using all available rosidl_typesupport_cpp: rosidl_typesupport_fastrtps_cpp;rosidl_typesupport_introspection_cpp
-- Found rmw_implementation_cmake: 6.1.2 (/opt/ros/humble/share/rmw_implementation_cmake/cmake)
-- Found rmw_fastrtps_cpp: 6.2.7 (/opt/ros/humble/share/rmw_fastrtps_cpp/cmake)
-- Found OpenSSL: /usr/lib/aarch64-linux-gnu/libcrypto.so (found version "3.0.2")  
-- Found FastRTPS: /opt/ros/humble/include  
-- Using RMW implementation 'rmw_fastrtps_cpp' as default
-- Looking for pthread.h
-- Looking for pthread.h - found
-- Performing Test CMAKE_HAVE_LIBC_PTHREAD
-- Performing Test CMAKE_HAVE_LIBC_PTHREAD - Success
-- Found Threads: TRUE  
-- Found sensor_msgs: 4.8.0 (/opt/ros/humble/share/sensor_msgs/cmake)
-- Found ament_lint_auto: 0.12.12 (/opt/ros/humble/share/ament_lint_auto/cmake)
-- Added test 'copyright' to check source files copyright and LICENSE
-- Added test 'cppcheck' to perform static code analysis on C / C++ code
-- Configured cppcheck include dirs: /root/stp23_ros2_ws/src/ros2_app/src/ldlidar/include;/root/stp23_ros2_ws/src/ros2_app/src/ldlidar/../../../ldlidar_driver/include
-- Configured cppcheck exclude dirs and/or files: 
-- Added test 'cpplint' to check C / C++ code against the Google style
-- Configured cpplint exclude dirs and/or files: 
-- Added test 'flake8' to check Python code syntax and style conventions
-- Added test 'lint_cmake' to check CMake code style
-- Added test 'pep257' to check Python code against some of the docstring style conventions in PEP 257
-- Added test 'uncrustify' to check C / C++ code style
-- Configured uncrustify additional arguments: 
-- Added test 'xmllint' to check XML markup files
-- Configuring done
-- Generating done
-- Build files have been written to: /root/stp23_ros2_ws/build/ldlidar
[ 58%] [32mBuilding CXX object CMakeFiles/stp23_ros2node.dir/root/stp23_ros2_ws/src/ldlidar_driver/src/log_module.cpp.o[0m
[ 58%] [32mBuilding CXX object CMakeFiles/stp23l_ros2node.dir/root/stp23_ros2_ws/src/ldlidar_driver/src/cmd_serial_interface_linux.cpp.o[0m
[ 58%] [32mBuilding CXX object CMakeFiles/stp23_ros2node.dir/src/ros2_node/stp23_ros2node.cpp.o[0m
[ 66%] [32mBuilding CXX object CMakeFiles/stp23_ros2node.dir/root/stp23_ros2_ws/src/ldlidar_driver/src/lipkg.cpp.o[0m
[ 58%] [32mBuilding CXX object CMakeFiles/stp23_ros2node.dir/root/stp23_ros2_ws/src/ldlidar_driver/src/cmd_serial_interface_linux.cpp.o[0m
[ 66%] [32mBuilding CXX object CMakeFiles/stp23l_ros2node.dir/root/stp23_ros2_ws/src/ldlidar_driver/src/log_module.cpp.o[0m
[ 58%] [32mBuilding CXX object CMakeFiles/stp23l_ros2node.dir/root/stp23_ros2_ws/src/ldlidar_driver/src/lipkg.cpp.o[0m
[ 66%] [32mBuilding CXX object CMakeFiles/stp23l_ros2node.dir/src/ros2_node/stp23l_ros2node.cpp.o[0m
[ 75%] [32mBuilding CXX object CMakeFiles/stp23l_ros2node.dir/root/stp23_ros2_ws/src/ldlidar_driver/src/trnet.cpp.o[0m
[ 83%] [32mBuilding CXX object CMakeFiles/stp23_ros2node.dir/root/stp23_ros2_ws/src/ldlidar_driver/src/trnet.cpp.o[0m
[ 91%] [32m[1mLinking CXX executable stp23_ros2node[0m
[100%] [32m[1mLinking CXX executable stp23l_ros2node[0m
[100%] Built target stp23_ros2node
[100%] Built target stp23l_ros2node
-- Install configuration: ""
-- Installing: /root/stp23_ros2_ws/install/ldlidar/lib/ldlidar/stp23_ros2node
-- Set runtime path of "/root/stp23_ros2_ws/install/ldlidar/lib/ldlidar/stp23_ros2node" to ""
-- Installing: /root/stp23_ros2_ws/install/ldlidar/lib/ldlidar/stp23l_ros2node
-- Set runtime path of "/root/stp23_ros2_ws/install/ldlidar/lib/ldlidar/stp23l_ros2node" to ""
-- Installing: /root/stp23_ros2_ws/install/ldlidar/share/ldlidar//launch
-- Installing: /root/stp23_ros2_ws/install/ldlidar/share/ldlidar//launch/stp23.launch.py
-- Installing: /root/stp23_ros2_ws/install/ldlidar/share/ldlidar//launch/viewer_stp23l.launch.py
-- Installing: /root/stp23_ros2_ws/install/ldlidar/share/ldlidar//launch/viewer_stp23.launch.py
-- Installing: /root/stp23_ros2_ws/install/ldlidar/share/ldlidar//launch/stp23l.launch.py
-- Installing: /root/stp23_ros2_ws/install/ldlidar/share/ldlidar//rviz2
-- Installing: /root/stp23_ros2_ws/install/ldlidar/share/ldlidar//rviz2/ldlidar.rviz
-- Installing: /root/stp23_ros2_ws/install/ldlidar/share/ament_index/resource_index/package_run_dependencies/ldlidar
-- Installing: /root/stp23_ros2_ws/install/ldlidar/share/ament_index/resource_index/parent_prefix_path/ldlidar
-- Installing: /root/stp23_ros2_ws/install/ldlidar/share/ldlidar/environment/ament_prefix_path.sh
-- Installing: /root/stp23_ros2_ws/install/ldlidar/share/ldlidar/environment/ament_prefix_path.dsv
-- Installing: /root/stp23_ros2_ws/install/ldlidar/share/ldlidar/environment/path.sh
-- Installing: /root/stp23_ros2_ws/install/ldlidar/share/ldlidar/environment/path.dsv
-- Installing: /root/stp23_ros2_ws/install/ldlidar/share/ldlidar/local_setup.bash
-- Installing: /root/stp23_ros2_ws/install/ldlidar/share/ldlidar/local_setup.sh
-- Installing: /root/stp23_ros2_ws/install/ldlidar/share/ldlidar/local_setup.zsh
-- Installing: /root/stp23_ros2_ws/install/ldlidar/share/ldlidar/local_setup.dsv
-- Installing: /root/stp23_ros2_ws/install/ldlidar/share/ldlidar/package.dsv
-- Installing: /root/stp23_ros2_ws/install/ldlidar/share/ament_index/resource_index/packages/ldlidar
-- Installing: /root/stp23_ros2_ws/install/ldlidar/share/ldlidar/cmake/ldlidarConfig.cmake
-- Installing: /root/stp23_ros2_ws/install/ldlidar/share/ldlidar/cmake/ldlidarConfig-version.cmake
-- Installing: /root/stp23_ros2_ws/install/ldlidar/share/ldlidar/package.xml
