[0.049s] Invoking command in '/root/stp23_ros2_ws/build/ldlidar': CMAKE_PREFIX_PATH=${CMAKE_PREFIX_PATH}:/root/base_ws/install/yahboomcar_description:/root/base_ws/install/yahboomcar_ctrl:/root/base_ws/install/yahboomcar_bringup:/root/base_ws/install/servo_control:/root/base_ws/install/farming_vision:/root/base_ws/install/farming_navigation2:/root/base_ws/install/ai_node:/opt/ros/humble /usr/bin/cmake /root/stp23_ros2_ws/src/ros2_app/src/ldlidar -DCMAKE_INSTALL_PREFIX=/root/stp23_ros2_ws/install/ldlidar
[0.357s] -- The C compiler identification is GNU 11.2.0
[0.690s] -- The CXX compiler identification is GNU 11.2.0
[0.727s] -- Detecting C compiler ABI info
[1.119s] -- Detecting C compiler ABI info - done
[1.186s] -- Check for working C compiler: /usr/bin/cc - skipped
[1.187s] -- Detecting C compile features
[1.189s] -- Detecting C compile features - done
[1.205s] -- Detecting CXX compiler ABI info
[1.620s] -- Detecting CXX compiler ABI info - done
[1.701s] -- Check for working CXX compiler: /usr/bin/c++ - skipped
[1.702s] -- Detecting CXX compile features
[1.704s] -- Detecting CXX compile features - done
[1.721s] -- Found ament_cmake: 1.3.11 (/opt/ros/humble/share/ament_cmake/cmake)
[2.727s] -- Found Python3: /usr/bin/python3 (found version "3.10.12") found components: Interpreter 
[3.390s] -- Found rclcpp: 16.0.12 (/opt/ros/humble/share/rclcpp/cmake)
[3.641s] -- Found rosidl_generator_c: 3.1.6 (/opt/ros/humble/share/rosidl_generator_c/cmake)
[3.678s] -- Found rosidl_adapter: 3.1.6 (/opt/ros/humble/share/rosidl_adapter/cmake)
[3.731s] -- Found rosidl_generator_cpp: 3.1.6 (/opt/ros/humble/share/rosidl_generator_cpp/cmake)
[3.811s] -- Using all available rosidl_typesupport_c: rosidl_typesupport_fastrtps_c;rosidl_typesupport_introspection_c
[3.917s] -- Using all available rosidl_typesupport_cpp: rosidl_typesupport_fastrtps_cpp;rosidl_typesupport_introspection_cpp
[4.205s] -- Found rmw_implementation_cmake: 6.1.2 (/opt/ros/humble/share/rmw_implementation_cmake/cmake)
[4.225s] -- Found rmw_fastrtps_cpp: 6.2.7 (/opt/ros/humble/share/rmw_fastrtps_cpp/cmake)
[4.690s] -- Found OpenSSL: /usr/lib/aarch64-linux-gnu/libcrypto.so (found version "3.0.2")  
[4.825s] -- Found FastRTPS: /opt/ros/humble/include  
[5.018s] -- Using RMW implementation 'rmw_fastrtps_cpp' as default
[5.073s] -- Looking for pthread.h
[5.469s] -- Looking for pthread.h - found
[5.470s] -- Performing Test CMAKE_HAVE_LIBC_PTHREAD
[5.888s] -- Performing Test CMAKE_HAVE_LIBC_PTHREAD - Success
[5.893s] -- Found Threads: TRUE  
[6.226s] -- Found sensor_msgs: 4.8.0 (/opt/ros/humble/share/sensor_msgs/cmake)
[6.414s] -- Found ament_lint_auto: 0.12.12 (/opt/ros/humble/share/ament_lint_auto/cmake)
[6.963s] -- Added test 'copyright' to check source files copyright and LICENSE
[6.970s] -- Added test 'cppcheck' to perform static code analysis on C / C++ code
[6.971s] -- Configured cppcheck include dirs: /root/stp23_ros2_ws/src/ros2_app/src/ldlidar/include;/root/stp23_ros2_ws/src/ros2_app/src/ldlidar/../../../ldlidar_driver/include
[6.972s] -- Configured cppcheck exclude dirs and/or files: 
[6.978s] -- Added test 'cpplint' to check C / C++ code against the Google style
[6.978s] -- Configured cpplint exclude dirs and/or files: 
[6.982s] -- Added test 'flake8' to check Python code syntax and style conventions
[6.986s] -- Added test 'lint_cmake' to check CMake code style
[6.990s] -- Added test 'pep257' to check Python code against some of the docstring style conventions in PEP 257
[6.996s] -- Added test 'uncrustify' to check C / C++ code style
[6.996s] -- Configured uncrustify additional arguments: 
[6.999s] -- Added test 'xmllint' to check XML markup files
[7.007s] -- Configuring done
[7.077s] -- Generating done
[7.106s] -- Build files have been written to: /root/stp23_ros2_ws/build/ldlidar
[7.169s] Invoked command in '/root/stp23_ros2_ws/build/ldlidar' returned '0': CMAKE_PREFIX_PATH=${CMAKE_PREFIX_PATH}:/root/base_ws/install/yahboomcar_description:/root/base_ws/install/yahboomcar_ctrl:/root/base_ws/install/yahboomcar_bringup:/root/base_ws/install/servo_control:/root/base_ws/install/farming_vision:/root/base_ws/install/farming_navigation2:/root/base_ws/install/ai_node:/opt/ros/humble /usr/bin/cmake /root/stp23_ros2_ws/src/ros2_app/src/ldlidar -DCMAKE_INSTALL_PREFIX=/root/stp23_ros2_ws/install/ldlidar
[7.190s] Invoking command in '/root/stp23_ros2_ws/build/ldlidar': CMAKE_PREFIX_PATH=${CMAKE_PREFIX_PATH}:/root/base_ws/install/yahboomcar_description:/root/base_ws/install/yahboomcar_ctrl:/root/base_ws/install/yahboomcar_bringup:/root/base_ws/install/servo_control:/root/base_ws/install/farming_vision:/root/base_ws/install/farming_navigation2:/root/base_ws/install/ai_node:/opt/ros/humble /usr/bin/cmake --build /root/stp23_ros2_ws/build/ldlidar -- -j8 -l8
[7.439s] [ 58%] [32mBuilding CXX object CMakeFiles/stp23_ros2node.dir/root/stp23_ros2_ws/src/ldlidar_driver/src/log_module.cpp.o[0m
[7.439s] [ 58%] [32mBuilding CXX object CMakeFiles/stp23l_ros2node.dir/root/stp23_ros2_ws/src/ldlidar_driver/src/cmd_serial_interface_linux.cpp.o[0m
[7.441s] [ 58%] [32mBuilding CXX object CMakeFiles/stp23_ros2node.dir/src/ros2_node/stp23_ros2node.cpp.o[0m
[7.441s] [ 66%] [32mBuilding CXX object CMakeFiles/stp23_ros2node.dir/root/stp23_ros2_ws/src/ldlidar_driver/src/lipkg.cpp.o[0m
[7.442s] [ 58%] [32mBuilding CXX object CMakeFiles/stp23_ros2node.dir/root/stp23_ros2_ws/src/ldlidar_driver/src/cmd_serial_interface_linux.cpp.o[0m
[7.443s] [ 66%] [32mBuilding CXX object CMakeFiles/stp23l_ros2node.dir/root/stp23_ros2_ws/src/ldlidar_driver/src/log_module.cpp.o[0m
[7.443s] [ 58%] [32mBuilding CXX object CMakeFiles/stp23l_ros2node.dir/root/stp23_ros2_ws/src/ldlidar_driver/src/lipkg.cpp.o[0m
[7.444s] [ 66%] [32mBuilding CXX object CMakeFiles/stp23l_ros2node.dir/src/ros2_node/stp23l_ros2node.cpp.o[0m
[9.167s] [ 75%] [32mBuilding CXX object CMakeFiles/stp23l_ros2node.dir/root/stp23_ros2_ws/src/ldlidar_driver/src/trnet.cpp.o[0m
[9.266s] [ 83%] [32mBuilding CXX object CMakeFiles/stp23_ros2node.dir/root/stp23_ros2_ws/src/ldlidar_driver/src/trnet.cpp.o[0m
[32.981s] [ 91%] [32m[1mLinking CXX executable stp23_ros2node[0m
[33.454s] [100%] [32m[1mLinking CXX executable stp23l_ros2node[0m
[34.478s] [100%] Built target stp23_ros2node
[34.941s] [100%] Built target stp23l_ros2node
[35.000s] Invoked command in '/root/stp23_ros2_ws/build/ldlidar' returned '0': CMAKE_PREFIX_PATH=${CMAKE_PREFIX_PATH}:/root/base_ws/install/yahboomcar_description:/root/base_ws/install/yahboomcar_ctrl:/root/base_ws/install/yahboomcar_bringup:/root/base_ws/install/servo_control:/root/base_ws/install/farming_vision:/root/base_ws/install/farming_navigation2:/root/base_ws/install/ai_node:/opt/ros/humble /usr/bin/cmake --build /root/stp23_ros2_ws/build/ldlidar -- -j8 -l8
[35.057s] Invoking command in '/root/stp23_ros2_ws/build/ldlidar': CMAKE_PREFIX_PATH=${CMAKE_PREFIX_PATH}:/root/base_ws/install/yahboomcar_description:/root/base_ws/install/yahboomcar_ctrl:/root/base_ws/install/yahboomcar_bringup:/root/base_ws/install/servo_control:/root/base_ws/install/farming_vision:/root/base_ws/install/farming_navigation2:/root/base_ws/install/ai_node:/opt/ros/humble /usr/bin/cmake --install /root/stp23_ros2_ws/build/ldlidar
[35.091s] -- Install configuration: ""
[35.092s] -- Installing: /root/stp23_ros2_ws/install/ldlidar/lib/ldlidar/stp23_ros2node
[35.100s] -- Set runtime path of "/root/stp23_ros2_ws/install/ldlidar/lib/ldlidar/stp23_ros2node" to ""
[35.100s] -- Installing: /root/stp23_ros2_ws/install/ldlidar/lib/ldlidar/stp23l_ros2node
[35.107s] -- Set runtime path of "/root/stp23_ros2_ws/install/ldlidar/lib/ldlidar/stp23l_ros2node" to ""
[35.108s] -- Installing: /root/stp23_ros2_ws/install/ldlidar/share/ldlidar//launch
[35.109s] -- Installing: /root/stp23_ros2_ws/install/ldlidar/share/ldlidar//launch/stp23.launch.py
[35.109s] -- Installing: /root/stp23_ros2_ws/install/ldlidar/share/ldlidar//launch/viewer_stp23l.launch.py
[35.110s] -- Installing: /root/stp23_ros2_ws/install/ldlidar/share/ldlidar//launch/viewer_stp23.launch.py
[35.110s] -- Installing: /root/stp23_ros2_ws/install/ldlidar/share/ldlidar//launch/stp23l.launch.py
[35.111s] -- Installing: /root/stp23_ros2_ws/install/ldlidar/share/ldlidar//rviz2
[35.111s] -- Installing: /root/stp23_ros2_ws/install/ldlidar/share/ldlidar//rviz2/ldlidar.rviz
[35.112s] -- Installing: /root/stp23_ros2_ws/install/ldlidar/share/ament_index/resource_index/package_run_dependencies/ldlidar
[35.112s] -- Installing: /root/stp23_ros2_ws/install/ldlidar/share/ament_index/resource_index/parent_prefix_path/ldlidar
[35.113s] -- Installing: /root/stp23_ros2_ws/install/ldlidar/share/ldlidar/environment/ament_prefix_path.sh
[35.113s] -- Installing: /root/stp23_ros2_ws/install/ldlidar/share/ldlidar/environment/ament_prefix_path.dsv
[35.114s] -- Installing: /root/stp23_ros2_ws/install/ldlidar/share/ldlidar/environment/path.sh
[35.115s] -- Installing: /root/stp23_ros2_ws/install/ldlidar/share/ldlidar/environment/path.dsv
[35.115s] -- Installing: /root/stp23_ros2_ws/install/ldlidar/share/ldlidar/local_setup.bash
[35.116s] -- Installing: /root/stp23_ros2_ws/install/ldlidar/share/ldlidar/local_setup.sh
[35.116s] -- Installing: /root/stp23_ros2_ws/install/ldlidar/share/ldlidar/local_setup.zsh
[35.117s] -- Installing: /root/stp23_ros2_ws/install/ldlidar/share/ldlidar/local_setup.dsv
[35.118s] -- Installing: /root/stp23_ros2_ws/install/ldlidar/share/ldlidar/package.dsv
[35.118s] -- Installing: /root/stp23_ros2_ws/install/ldlidar/share/ament_index/resource_index/packages/ldlidar
[35.119s] -- Installing: /root/stp23_ros2_ws/install/ldlidar/share/ldlidar/cmake/ldlidarConfig.cmake
[35.119s] -- Installing: /root/stp23_ros2_ws/install/ldlidar/share/ldlidar/cmake/ldlidarConfig-version.cmake
[35.120s] -- Installing: /root/stp23_ros2_ws/install/ldlidar/share/ldlidar/package.xml
[35.132s] Invoked command in '/root/stp23_ros2_ws/build/ldlidar' returned '0': CMAKE_PREFIX_PATH=${CMAKE_PREFIX_PATH}:/root/base_ws/install/yahboomcar_description:/root/base_ws/install/yahboomcar_ctrl:/root/base_ws/install/yahboomcar_bringup:/root/base_ws/install/servo_control:/root/base_ws/install/farming_vision:/root/base_ws/install/farming_navigation2:/root/base_ws/install/ai_node:/opt/ros/humble /usr/bin/cmake --install /root/stp23_ros2_ws/build/ldlidar
