[0.773s] DEBUG:colcon:Command line arguments: ['/usr/bin/colcon', 'build']
[0.774s] DEBUG:colcon:Parsed command line arguments: Namespace(log_base=None, log_level=None, verb_name='build', build_base='build', install_base='install', merge_install=False, symlink_install=False, test_result_base=None, continue_on_error=False, executor='parallel', parallel_workers=8, event_handlers=None, ignore_user_meta=False, metas=['./colcon.meta'], base_paths=['.'], packages_ignore=None, packages_ignore_regex=None, paths=None, packages_up_to=None, packages_up_to_regex=None, packages_above=None, packages_above_and_dependencies=None, packages_above_depth=None, packages_select_by_dep=None, packages_skip_by_dep=None, packages_skip_up_to=None, packages_select_build_failed=False, packages_skip_build_finished=False, packages_select_test_failures=False, packages_skip_test_passed=False, packages_select=None, packages_skip=None, packages_select_regex=None, packages_skip_regex=None, packages_start=None, packages_end=None, allow_overriding=[], cmake_args=None, cmake_target=None, cmake_target_skip_unavailable=False, cmake_clean_cache=False, cmake_clean_first=False, cmake_force_configure=False, ament_cmake_args=None, catkin_cmake_args=None, catkin_skip_building_tests=False, verb_parser=<colcon_defaults.argument_parser.defaults.DefaultArgumentsDecorator object at 0xffff9d6f0b50>, verb_extension=<colcon_core.verb.build.BuildVerb object at 0xffff9d6f0700>, main=<bound method BuildVerb.main of <colcon_core.verb.build.BuildVerb object at 0xffff9d6f0700>>)
[2.165s] Level 1:colcon.colcon_core.package_discovery:discover_packages(colcon_meta) check parameters
[2.165s] Level 1:colcon.colcon_core.package_discovery:discover_packages(recursive) check parameters
[2.166s] Level 1:colcon.colcon_core.package_discovery:discover_packages(ignore) check parameters
[2.166s] Level 1:colcon.colcon_core.package_discovery:discover_packages(path) check parameters
[2.166s] Level 1:colcon.colcon_core.package_discovery:discover_packages(colcon_meta) discover
[2.167s] Level 1:colcon.colcon_core.package_discovery:discover_packages(recursive) discover
[2.167s] INFO:colcon.colcon_core.package_discovery:Crawling recursively for packages in '/root/stp23_ros2_ws'
[2.167s] Level 1:colcon.colcon_core.package_identification:_identify(.) by extensions ['ignore', 'ignore_ament_install']
[2.168s] Level 1:colcon.colcon_core.package_identification:_identify(.) by extension 'ignore'
[2.169s] Level 1:colcon.colcon_core.package_identification:_identify(.) by extension 'ignore_ament_install'
[2.169s] Level 1:colcon.colcon_core.package_identification:_identify(.) by extensions ['colcon_pkg']
[2.170s] Level 1:colcon.colcon_core.package_identification:_identify(.) by extension 'colcon_pkg'
[2.170s] Level 1:colcon.colcon_core.package_identification:_identify(.) by extensions ['colcon_meta']
[2.170s] Level 1:colcon.colcon_core.package_identification:_identify(.) by extension 'colcon_meta'
[2.170s] Level 1:colcon.colcon_core.package_identification:_identify(.) by extensions ['ros']
[2.171s] Level 1:colcon.colcon_core.package_identification:_identify(.) by extension 'ros'
[2.255s] Level 1:colcon.colcon_core.package_identification:_identify(.) by extensions ['cmake', 'python']
[2.256s] Level 1:colcon.colcon_core.package_identification:_identify(.) by extension 'cmake'
[2.256s] Level 1:colcon.colcon_core.package_identification:_identify(.) by extension 'python'
[2.256s] Level 1:colcon.colcon_core.package_identification:_identify(.) by extensions ['python_setup_py']
[2.257s] Level 1:colcon.colcon_core.package_identification:_identify(.) by extension 'python_setup_py'
[2.257s] Level 1:colcon.colcon_core.package_identification:_identify(build) by extensions ['ignore', 'ignore_ament_install']
[2.258s] Level 1:colcon.colcon_core.package_identification:_identify(build) by extension 'ignore'
[2.258s] Level 1:colcon.colcon_core.package_identification:_identify(build) ignored
[2.259s] Level 1:colcon.colcon_core.package_identification:_identify(install) by extensions ['ignore', 'ignore_ament_install']
[2.260s] Level 1:colcon.colcon_core.package_identification:_identify(install) by extension 'ignore'
[2.261s] Level 1:colcon.colcon_core.package_identification:_identify(install) ignored
[2.262s] Level 1:colcon.colcon_core.package_identification:_identify(log) by extensions ['ignore', 'ignore_ament_install']
[2.262s] Level 1:colcon.colcon_core.package_identification:_identify(log) by extension 'ignore'
[2.263s] Level 1:colcon.colcon_core.package_identification:_identify(log) ignored
[2.263s] Level 1:colcon.colcon_core.package_identification:_identify(src) by extensions ['ignore', 'ignore_ament_install']
[2.264s] Level 1:colcon.colcon_core.package_identification:_identify(src) by extension 'ignore'
[2.265s] Level 1:colcon.colcon_core.package_identification:_identify(src) by extension 'ignore_ament_install'
[2.265s] Level 1:colcon.colcon_core.package_identification:_identify(src) by extensions ['colcon_pkg']
[2.265s] Level 1:colcon.colcon_core.package_identification:_identify(src) by extension 'colcon_pkg'
[2.266s] Level 1:colcon.colcon_core.package_identification:_identify(src) by extensions ['colcon_meta']
[2.266s] Level 1:colcon.colcon_core.package_identification:_identify(src) by extension 'colcon_meta'
[2.266s] Level 1:colcon.colcon_core.package_identification:_identify(src) by extensions ['ros']
[2.267s] Level 1:colcon.colcon_core.package_identification:_identify(src) by extension 'ros'
[2.268s] Level 1:colcon.colcon_core.package_identification:_identify(src) by extensions ['cmake', 'python']
[2.268s] Level 1:colcon.colcon_core.package_identification:_identify(src) by extension 'cmake'
[2.268s] Level 1:colcon.colcon_core.package_identification:_identify(src) by extension 'python'
[2.269s] Level 1:colcon.colcon_core.package_identification:_identify(src) by extensions ['python_setup_py']
[2.269s] Level 1:colcon.colcon_core.package_identification:_identify(src) by extension 'python_setup_py'
[2.270s] Level 1:colcon.colcon_core.package_identification:_identify(src/ldlidar_driver) by extensions ['ignore', 'ignore_ament_install']
[2.270s] Level 1:colcon.colcon_core.package_identification:_identify(src/ldlidar_driver) by extension 'ignore'
[2.271s] Level 1:colcon.colcon_core.package_identification:_identify(src/ldlidar_driver) by extension 'ignore_ament_install'
[2.271s] Level 1:colcon.colcon_core.package_identification:_identify(src/ldlidar_driver) by extensions ['colcon_pkg']
[2.272s] Level 1:colcon.colcon_core.package_identification:_identify(src/ldlidar_driver) by extension 'colcon_pkg'
[2.272s] Level 1:colcon.colcon_core.package_identification:_identify(src/ldlidar_driver) by extensions ['colcon_meta']
[2.272s] Level 1:colcon.colcon_core.package_identification:_identify(src/ldlidar_driver) by extension 'colcon_meta'
[2.272s] Level 1:colcon.colcon_core.package_identification:_identify(src/ldlidar_driver) by extensions ['ros']
[2.273s] Level 1:colcon.colcon_core.package_identification:_identify(src/ldlidar_driver) by extension 'ros'
[2.273s] Level 1:colcon.colcon_core.package_identification:_identify(src/ldlidar_driver) by extensions ['cmake', 'python']
[2.274s] Level 1:colcon.colcon_core.package_identification:_identify(src/ldlidar_driver) by extension 'cmake'
[2.274s] Level 1:colcon.colcon_core.package_identification:_identify(src/ldlidar_driver) by extension 'python'
[2.274s] Level 1:colcon.colcon_core.package_identification:_identify(src/ldlidar_driver) by extensions ['python_setup_py']
[2.274s] Level 1:colcon.colcon_core.package_identification:_identify(src/ldlidar_driver) by extension 'python_setup_py'
[2.275s] Level 1:colcon.colcon_core.package_identification:_identify(src/ldlidar_driver/include) by extensions ['ignore', 'ignore_ament_install']
[2.276s] Level 1:colcon.colcon_core.package_identification:_identify(src/ldlidar_driver/include) by extension 'ignore'
[2.276s] Level 1:colcon.colcon_core.package_identification:_identify(src/ldlidar_driver/include) by extension 'ignore_ament_install'
[2.276s] Level 1:colcon.colcon_core.package_identification:_identify(src/ldlidar_driver/include) by extensions ['colcon_pkg']
[2.276s] Level 1:colcon.colcon_core.package_identification:_identify(src/ldlidar_driver/include) by extension 'colcon_pkg'
[2.277s] Level 1:colcon.colcon_core.package_identification:_identify(src/ldlidar_driver/include) by extensions ['colcon_meta']
[2.277s] Level 1:colcon.colcon_core.package_identification:_identify(src/ldlidar_driver/include) by extension 'colcon_meta'
[2.277s] Level 1:colcon.colcon_core.package_identification:_identify(src/ldlidar_driver/include) by extensions ['ros']
[2.277s] Level 1:colcon.colcon_core.package_identification:_identify(src/ldlidar_driver/include) by extension 'ros'
[2.278s] Level 1:colcon.colcon_core.package_identification:_identify(src/ldlidar_driver/include) by extensions ['cmake', 'python']
[2.278s] Level 1:colcon.colcon_core.package_identification:_identify(src/ldlidar_driver/include) by extension 'cmake'
[2.278s] Level 1:colcon.colcon_core.package_identification:_identify(src/ldlidar_driver/include) by extension 'python'
[2.279s] Level 1:colcon.colcon_core.package_identification:_identify(src/ldlidar_driver/include) by extensions ['python_setup_py']
[2.279s] Level 1:colcon.colcon_core.package_identification:_identify(src/ldlidar_driver/include) by extension 'python_setup_py'
[2.279s] Level 1:colcon.colcon_core.package_identification:_identify(src/ldlidar_driver/src) by extensions ['ignore', 'ignore_ament_install']
[2.280s] Level 1:colcon.colcon_core.package_identification:_identify(src/ldlidar_driver/src) by extension 'ignore'
[2.280s] Level 1:colcon.colcon_core.package_identification:_identify(src/ldlidar_driver/src) by extension 'ignore_ament_install'
[2.281s] Level 1:colcon.colcon_core.package_identification:_identify(src/ldlidar_driver/src) by extensions ['colcon_pkg']
[2.281s] Level 1:colcon.colcon_core.package_identification:_identify(src/ldlidar_driver/src) by extension 'colcon_pkg'
[2.281s] Level 1:colcon.colcon_core.package_identification:_identify(src/ldlidar_driver/src) by extensions ['colcon_meta']
[2.281s] Level 1:colcon.colcon_core.package_identification:_identify(src/ldlidar_driver/src) by extension 'colcon_meta'
[2.282s] Level 1:colcon.colcon_core.package_identification:_identify(src/ldlidar_driver/src) by extensions ['ros']
[2.282s] Level 1:colcon.colcon_core.package_identification:_identify(src/ldlidar_driver/src) by extension 'ros'
[2.283s] Level 1:colcon.colcon_core.package_identification:_identify(src/ldlidar_driver/src) by extensions ['cmake', 'python']
[2.283s] Level 1:colcon.colcon_core.package_identification:_identify(src/ldlidar_driver/src) by extension 'cmake'
[2.283s] Level 1:colcon.colcon_core.package_identification:_identify(src/ldlidar_driver/src) by extension 'python'
[2.284s] Level 1:colcon.colcon_core.package_identification:_identify(src/ldlidar_driver/src) by extensions ['python_setup_py']
[2.284s] Level 1:colcon.colcon_core.package_identification:_identify(src/ldlidar_driver/src) by extension 'python_setup_py'
[2.285s] Level 1:colcon.colcon_core.package_identification:_identify(src/ros2_app) by extensions ['ignore', 'ignore_ament_install']
[2.285s] Level 1:colcon.colcon_core.package_identification:_identify(src/ros2_app) by extension 'ignore'
[2.286s] Level 1:colcon.colcon_core.package_identification:_identify(src/ros2_app) by extension 'ignore_ament_install'
[2.286s] Level 1:colcon.colcon_core.package_identification:_identify(src/ros2_app) by extensions ['colcon_pkg']
[2.286s] Level 1:colcon.colcon_core.package_identification:_identify(src/ros2_app) by extension 'colcon_pkg'
[2.287s] Level 1:colcon.colcon_core.package_identification:_identify(src/ros2_app) by extensions ['colcon_meta']
[2.287s] Level 1:colcon.colcon_core.package_identification:_identify(src/ros2_app) by extension 'colcon_meta'
[2.288s] Level 1:colcon.colcon_core.package_identification:_identify(src/ros2_app) by extensions ['ros']
[2.288s] Level 1:colcon.colcon_core.package_identification:_identify(src/ros2_app) by extension 'ros'
[2.289s] Level 1:colcon.colcon_core.package_identification:_identify(src/ros2_app) by extensions ['cmake', 'python']
[2.289s] Level 1:colcon.colcon_core.package_identification:_identify(src/ros2_app) by extension 'cmake'
[2.289s] Level 1:colcon.colcon_core.package_identification:_identify(src/ros2_app) by extension 'python'
[2.289s] Level 1:colcon.colcon_core.package_identification:_identify(src/ros2_app) by extensions ['python_setup_py']
[2.290s] Level 1:colcon.colcon_core.package_identification:_identify(src/ros2_app) by extension 'python_setup_py'
[2.290s] Level 1:colcon.colcon_core.package_identification:_identify(src/ros2_app/src) by extensions ['ignore', 'ignore_ament_install']
[2.291s] Level 1:colcon.colcon_core.package_identification:_identify(src/ros2_app/src) by extension 'ignore'
[2.291s] Level 1:colcon.colcon_core.package_identification:_identify(src/ros2_app/src) by extension 'ignore_ament_install'
[2.291s] Level 1:colcon.colcon_core.package_identification:_identify(src/ros2_app/src) by extensions ['colcon_pkg']
[2.292s] Level 1:colcon.colcon_core.package_identification:_identify(src/ros2_app/src) by extension 'colcon_pkg'
[2.292s] Level 1:colcon.colcon_core.package_identification:_identify(src/ros2_app/src) by extensions ['colcon_meta']
[2.292s] Level 1:colcon.colcon_core.package_identification:_identify(src/ros2_app/src) by extension 'colcon_meta'
[2.292s] Level 1:colcon.colcon_core.package_identification:_identify(src/ros2_app/src) by extensions ['ros']
[2.293s] Level 1:colcon.colcon_core.package_identification:_identify(src/ros2_app/src) by extension 'ros'
[2.293s] Level 1:colcon.colcon_core.package_identification:_identify(src/ros2_app/src) by extensions ['cmake', 'python']
[2.293s] Level 1:colcon.colcon_core.package_identification:_identify(src/ros2_app/src) by extension 'cmake'
[2.293s] Level 1:colcon.colcon_core.package_identification:_identify(src/ros2_app/src) by extension 'python'
[2.294s] Level 1:colcon.colcon_core.package_identification:_identify(src/ros2_app/src) by extensions ['python_setup_py']
[2.294s] Level 1:colcon.colcon_core.package_identification:_identify(src/ros2_app/src) by extension 'python_setup_py'
[2.295s] Level 1:colcon.colcon_core.package_identification:_identify(src/ros2_app/src/ldlidar) by extensions ['ignore', 'ignore_ament_install']
[2.295s] Level 1:colcon.colcon_core.package_identification:_identify(src/ros2_app/src/ldlidar) by extension 'ignore'
[2.296s] Level 1:colcon.colcon_core.package_identification:_identify(src/ros2_app/src/ldlidar) by extension 'ignore_ament_install'
[2.296s] Level 1:colcon.colcon_core.package_identification:_identify(src/ros2_app/src/ldlidar) by extensions ['colcon_pkg']
[2.296s] Level 1:colcon.colcon_core.package_identification:_identify(src/ros2_app/src/ldlidar) by extension 'colcon_pkg'
[2.297s] Level 1:colcon.colcon_core.package_identification:_identify(src/ros2_app/src/ldlidar) by extensions ['colcon_meta']
[2.297s] Level 1:colcon.colcon_core.package_identification:_identify(src/ros2_app/src/ldlidar) by extension 'colcon_meta'
[2.297s] Level 1:colcon.colcon_core.package_identification:_identify(src/ros2_app/src/ldlidar) by extensions ['ros']
[2.298s] Level 1:colcon.colcon_core.package_identification:_identify(src/ros2_app/src/ldlidar) by extension 'ros'
[2.314s] DEBUG:colcon.colcon_core.package_identification:Package 'src/ros2_app/src/ldlidar' with type 'ros.ament_cmake' and name 'ldlidar'
[2.315s] Level 1:colcon.colcon_core.package_discovery:discover_packages(recursive) using defaults
[2.316s] Level 1:colcon.colcon_core.package_discovery:discover_packages(ignore) discover
[2.316s] Level 1:colcon.colcon_core.package_discovery:discover_packages(ignore) using defaults
[2.316s] Level 1:colcon.colcon_core.package_discovery:discover_packages(path) discover
[2.317s] Level 1:colcon.colcon_core.package_discovery:discover_packages(path) using defaults
[2.445s] Level 1:colcon.colcon_core.package_discovery:discover_packages(prefix_path) check parameters
[2.445s] Level 1:colcon.colcon_core.package_discovery:discover_packages(prefix_path) discover
[2.470s] DEBUG:colcon.colcon_installed_package_information.package_discovery:Found 1 installed packages in /root/stp23_ros2_ws/install
[2.473s] DEBUG:colcon.colcon_installed_package_information.package_discovery:Found 54 installed packages in /opt/tros/humble
[2.483s] DEBUG:colcon.colcon_installed_package_information.package_discovery:Found 271 installed packages in /opt/ros/humble
[2.580s] Level 1:colcon.colcon_core.package_discovery:discover_packages(prefix_path) using defaults
[2.917s] Level 5:colcon.colcon_core.verb:set package 'ldlidar' build argument 'cmake_args' from command line to 'None'
[2.917s] Level 5:colcon.colcon_core.verb:set package 'ldlidar' build argument 'cmake_target' from command line to 'None'
[2.918s] Level 5:colcon.colcon_core.verb:set package 'ldlidar' build argument 'cmake_target_skip_unavailable' from command line to 'False'
[2.918s] Level 5:colcon.colcon_core.verb:set package 'ldlidar' build argument 'cmake_clean_cache' from command line to 'False'
[2.918s] Level 5:colcon.colcon_core.verb:set package 'ldlidar' build argument 'cmake_clean_first' from command line to 'False'
[2.919s] Level 5:colcon.colcon_core.verb:set package 'ldlidar' build argument 'cmake_force_configure' from command line to 'False'
[2.919s] Level 5:colcon.colcon_core.verb:set package 'ldlidar' build argument 'ament_cmake_args' from command line to 'None'
[2.919s] Level 5:colcon.colcon_core.verb:set package 'ldlidar' build argument 'catkin_cmake_args' from command line to 'None'
[2.920s] Level 5:colcon.colcon_core.verb:set package 'ldlidar' build argument 'catkin_skip_building_tests' from command line to 'False'
[2.920s] DEBUG:colcon.colcon_core.verb:Building package 'ldlidar' with the following arguments: {'ament_cmake_args': None, 'build_base': '/root/stp23_ros2_ws/build/ldlidar', 'catkin_cmake_args': None, 'catkin_skip_building_tests': False, 'cmake_args': None, 'cmake_clean_cache': False, 'cmake_clean_first': False, 'cmake_force_configure': False, 'cmake_target': None, 'cmake_target_skip_unavailable': False, 'install_base': '/root/stp23_ros2_ws/install/ldlidar', 'merge_install': False, 'path': '/root/stp23_ros2_ws/src/ros2_app/src/ldlidar', 'symlink_install': False, 'test_result_base': None}
[2.921s] INFO:colcon.colcon_core.executor:Executing jobs using 'parallel' executor
[2.927s] DEBUG:colcon.colcon_parallel_executor.executor.parallel:run_until_complete
[2.929s] INFO:colcon.colcon_ros.task.ament_cmake.build:Building ROS package in '/root/stp23_ros2_ws/src/ros2_app/src/ldlidar' with build type 'ament_cmake'
[2.930s] INFO:colcon.colcon_cmake.task.cmake.build:Building CMake package in '/root/stp23_ros2_ws/src/ros2_app/src/ldlidar'
[2.945s] INFO:colcon.colcon_core.plugin_system:Skipping extension 'colcon_core.shell.bat': Not used on non-Windows systems
[2.946s] INFO:colcon.colcon_core.shell:Skip shell extension 'powershell' for command environment: Not usable outside of PowerShell
[2.946s] DEBUG:colcon.colcon_core.shell:Skip shell extension 'dsv' for command environment
[2.992s] DEBUG:colcon.colcon_core.event_handler.log_command:Invoking command in '/root/stp23_ros2_ws/build/ldlidar': CMAKE_PREFIX_PATH=${CMAKE_PREFIX_PATH}:/opt/tros/humble:/opt/ros/humble /usr/bin/cmake --build /root/stp23_ros2_ws/build/ldlidar -- -j8 -l8
[3.336s] DEBUG:colcon.colcon_core.event_handler.log_command:Invoked command in '/root/stp23_ros2_ws/build/ldlidar' returned '0': CMAKE_PREFIX_PATH=${CMAKE_PREFIX_PATH}:/opt/tros/humble:/opt/ros/humble /usr/bin/cmake --build /root/stp23_ros2_ws/build/ldlidar -- -j8 -l8
[3.383s] DEBUG:colcon.colcon_core.event_handler.log_command:Invoking command in '/root/stp23_ros2_ws/build/ldlidar': CMAKE_PREFIX_PATH=${CMAKE_PREFIX_PATH}:/opt/tros/humble:/opt/ros/humble /usr/bin/cmake --install /root/stp23_ros2_ws/build/ldlidar
[3.437s] Level 1:colcon.colcon_core.environment:create_environment_scripts_only(ldlidar)
[3.446s] DEBUG:colcon.colcon_core.event_handler.log_command:Invoked command in '/root/stp23_ros2_ws/build/ldlidar' returned '0': CMAKE_PREFIX_PATH=${CMAKE_PREFIX_PATH}:/opt/tros/humble:/opt/ros/humble /usr/bin/cmake --install /root/stp23_ros2_ws/build/ldlidar
[3.461s] Level 1:colcon.colcon_core.environment:checking '/root/stp23_ros2_ws/install/ldlidar' for CMake module files
[3.464s] Level 1:colcon.colcon_core.environment:checking '/root/stp23_ros2_ws/install/ldlidar' for CMake config files
[3.466s] Level 1:colcon.colcon_core.shell:create_environment_hook('ldlidar', 'cmake_prefix_path')
[3.468s] INFO:colcon.colcon_core.shell:Creating environment hook '/root/stp23_ros2_ws/install/ldlidar/share/ldlidar/hook/cmake_prefix_path.ps1'
[3.473s] INFO:colcon.colcon_core.shell:Creating environment descriptor '/root/stp23_ros2_ws/install/ldlidar/share/ldlidar/hook/cmake_prefix_path.dsv'
[3.477s] INFO:colcon.colcon_core.shell:Creating environment hook '/root/stp23_ros2_ws/install/ldlidar/share/ldlidar/hook/cmake_prefix_path.sh'
[3.482s] Level 1:colcon.colcon_core.environment:checking '/root/stp23_ros2_ws/install/ldlidar/lib'
[3.483s] Level 1:colcon.colcon_core.environment:checking '/root/stp23_ros2_ws/install/ldlidar/bin'
[3.484s] Level 1:colcon.colcon_core.environment:checking '/root/stp23_ros2_ws/install/ldlidar/lib/pkgconfig/ldlidar.pc'
[3.485s] Level 1:colcon.colcon_core.environment:checking '/root/stp23_ros2_ws/install/ldlidar/lib/python3.10/site-packages'
[3.487s] Level 1:colcon.colcon_core.environment:checking '/root/stp23_ros2_ws/install/ldlidar/bin'
[3.490s] INFO:colcon.colcon_core.shell:Creating package script '/root/stp23_ros2_ws/install/ldlidar/share/ldlidar/package.ps1'
[3.496s] INFO:colcon.colcon_core.shell:Creating package descriptor '/root/stp23_ros2_ws/install/ldlidar/share/ldlidar/package.dsv'
[3.499s] INFO:colcon.colcon_core.shell:Creating package script '/root/stp23_ros2_ws/install/ldlidar/share/ldlidar/package.sh'
[3.506s] INFO:colcon.colcon_core.shell:Creating package script '/root/stp23_ros2_ws/install/ldlidar/share/ldlidar/package.bash'
[3.512s] INFO:colcon.colcon_core.shell:Creating package script '/root/stp23_ros2_ws/install/ldlidar/share/ldlidar/package.zsh'
[3.517s] Level 1:colcon.colcon_core.environment:create_file_with_runtime_dependencies(/root/stp23_ros2_ws/install/ldlidar/share/colcon-core/packages/ldlidar)
[3.522s] Level 1:colcon.colcon_core.environment:create_environment_scripts_only(ldlidar)
[3.524s] Level 1:colcon.colcon_core.environment:checking '/root/stp23_ros2_ws/install/ldlidar' for CMake module files
[3.528s] Level 1:colcon.colcon_core.environment:checking '/root/stp23_ros2_ws/install/ldlidar' for CMake config files
[3.530s] Level 1:colcon.colcon_core.shell:create_environment_hook('ldlidar', 'cmake_prefix_path')
[3.532s] INFO:colcon.colcon_core.shell:Creating environment hook '/root/stp23_ros2_ws/install/ldlidar/share/ldlidar/hook/cmake_prefix_path.ps1'
[3.535s] INFO:colcon.colcon_core.shell:Creating environment descriptor '/root/stp23_ros2_ws/install/ldlidar/share/ldlidar/hook/cmake_prefix_path.dsv'
[3.538s] INFO:colcon.colcon_core.shell:Creating environment hook '/root/stp23_ros2_ws/install/ldlidar/share/ldlidar/hook/cmake_prefix_path.sh'
[3.543s] Level 1:colcon.colcon_core.environment:checking '/root/stp23_ros2_ws/install/ldlidar/lib'
[3.544s] Level 1:colcon.colcon_core.environment:checking '/root/stp23_ros2_ws/install/ldlidar/bin'
[3.544s] Level 1:colcon.colcon_core.environment:checking '/root/stp23_ros2_ws/install/ldlidar/lib/pkgconfig/ldlidar.pc'
[3.546s] Level 1:colcon.colcon_core.environment:checking '/root/stp23_ros2_ws/install/ldlidar/lib/python3.10/site-packages'
[3.548s] Level 1:colcon.colcon_core.environment:checking '/root/stp23_ros2_ws/install/ldlidar/bin'
[3.550s] INFO:colcon.colcon_core.shell:Creating package script '/root/stp23_ros2_ws/install/ldlidar/share/ldlidar/package.ps1'
[3.555s] INFO:colcon.colcon_core.shell:Creating package descriptor '/root/stp23_ros2_ws/install/ldlidar/share/ldlidar/package.dsv'
[3.559s] INFO:colcon.colcon_core.shell:Creating package script '/root/stp23_ros2_ws/install/ldlidar/share/ldlidar/package.sh'
[3.562s] INFO:colcon.colcon_core.shell:Creating package script '/root/stp23_ros2_ws/install/ldlidar/share/ldlidar/package.bash'
[3.566s] INFO:colcon.colcon_core.shell:Creating package script '/root/stp23_ros2_ws/install/ldlidar/share/ldlidar/package.zsh'
[3.570s] Level 1:colcon.colcon_core.environment:create_file_with_runtime_dependencies(/root/stp23_ros2_ws/install/ldlidar/share/colcon-core/packages/ldlidar)
[3.573s] DEBUG:colcon.colcon_parallel_executor.executor.parallel:closing loop
[3.574s] DEBUG:colcon.colcon_parallel_executor.executor.parallel:loop closed
[3.575s] DEBUG:colcon.colcon_parallel_executor.executor.parallel:run_until_complete finished with '0'
[3.576s] DEBUG:colcon.colcon_core.event_reactor:joining thread
[3.603s] INFO:colcon.colcon_core.plugin_system:Skipping extension 'colcon_notification.desktop_notification.notify_send': Could not find 'notify-send'
[3.604s] INFO:colcon.colcon_core.plugin_system:Skipping extension 'colcon_notification.desktop_notification.terminal_notifier': Not used on non-Darwin systems
[3.604s] INFO:colcon.colcon_core.plugin_system:Skipping extension 'colcon_notification.desktop_notification.win32': Not used on non-Windows systems
[3.605s] INFO:colcon.colcon_notification.desktop_notification:Sending desktop notification using 'notify2'
[28.628s] DEBUG:colcon.colcon_notification.desktop_notification.notify2:Failed to initialize notify2: org.freedesktop.DBus.Error.NoReply: Did not receive a reply. Possible causes include: the remote application did not send a reply, the message bus security policy blocked the reply, the reply timeout expired, or the network connection was broken.
[28.629s] DEBUG:colcon.colcon_core.event_reactor:joined thread
[28.631s] INFO:colcon.colcon_core.shell:Creating prefix script '/root/stp23_ros2_ws/install/local_setup.ps1'
[28.637s] INFO:colcon.colcon_core.shell:Creating prefix util module '/root/stp23_ros2_ws/install/_local_setup_util_ps1.py'
[28.648s] INFO:colcon.colcon_core.shell:Creating prefix chain script '/root/stp23_ros2_ws/install/setup.ps1'
[28.656s] INFO:colcon.colcon_core.shell:Creating prefix script '/root/stp23_ros2_ws/install/local_setup.sh'
[28.660s] INFO:colcon.colcon_core.shell:Creating prefix util module '/root/stp23_ros2_ws/install/_local_setup_util_sh.py'
[28.665s] INFO:colcon.colcon_core.shell:Creating prefix chain script '/root/stp23_ros2_ws/install/setup.sh'
[28.672s] INFO:colcon.colcon_core.shell:Creating prefix script '/root/stp23_ros2_ws/install/local_setup.bash'
[28.676s] INFO:colcon.colcon_core.shell:Creating prefix chain script '/root/stp23_ros2_ws/install/setup.bash'
[28.683s] INFO:colcon.colcon_core.shell:Creating prefix script '/root/stp23_ros2_ws/install/local_setup.zsh'
[28.687s] INFO:colcon.colcon_core.shell:Creating prefix chain script '/root/stp23_ros2_ws/install/setup.zsh'
