[0.708s] DEBUG:colcon:Command line arguments: ['/usr/bin/colcon', 'build']
[0.708s] DEBUG:colcon:Parsed command line arguments: Namespace(log_base=None, log_level=None, verb_name='build', build_base='build', install_base='install', merge_install=False, symlink_install=False, test_result_base=None, continue_on_error=False, executor='parallel', parallel_workers=8, event_handlers=None, ignore_user_meta=False, metas=['./colcon.meta'], base_paths=['.'], packages_ignore=None, packages_ignore_regex=None, paths=None, packages_up_to=None, packages_up_to_regex=None, packages_above=None, packages_above_and_dependencies=None, packages_above_depth=None, packages_select_by_dep=None, packages_skip_by_dep=None, packages_skip_up_to=None, packages_select_build_failed=False, packages_skip_build_finished=False, packages_select_test_failures=False, packages_skip_test_passed=False, packages_select=None, packages_skip=None, packages_select_regex=None, packages_skip_regex=None, packages_start=None, packages_end=None, allow_overriding=[], cmake_args=None, cmake_target=None, cmake_target_skip_unavailable=False, cmake_clean_cache=False, cmake_clean_first=False, cmake_force_configure=False, ament_cmake_args=None, catkin_cmake_args=None, catkin_skip_building_tests=False, verb_parser=<colcon_defaults.argument_parser.defaults.DefaultArgumentsDecorator object at 0xffffaae70b50>, verb_extension=<colcon_core.verb.build.BuildVerb object at 0xffffaae70700>, main=<bound method BuildVerb.main of <colcon_core.verb.build.BuildVerb object at 0xffffaae70700>>)
[1.944s] Level 1:colcon.colcon_core.package_discovery:discover_packages(colcon_meta) check parameters
[1.944s] Level 1:colcon.colcon_core.package_discovery:discover_packages(recursive) check parameters
[1.945s] Level 1:colcon.colcon_core.package_discovery:discover_packages(ignore) check parameters
[1.945s] Level 1:colcon.colcon_core.package_discovery:discover_packages(path) check parameters
[1.945s] Level 1:colcon.colcon_core.package_discovery:discover_packages(colcon_meta) discover
[1.945s] Level 1:colcon.colcon_core.package_discovery:discover_packages(recursive) discover
[1.946s] INFO:colcon.colcon_core.package_discovery:Crawling recursively for packages in '/root/stp23_ros2_ws'
[1.946s] Level 1:colcon.colcon_core.package_identification:_identify(.) by extensions ['ignore', 'ignore_ament_install']
[1.947s] Level 1:colcon.colcon_core.package_identification:_identify(.) by extension 'ignore'
[1.947s] Level 1:colcon.colcon_core.package_identification:_identify(.) by extension 'ignore_ament_install'
[1.947s] Level 1:colcon.colcon_core.package_identification:_identify(.) by extensions ['colcon_pkg']
[1.948s] Level 1:colcon.colcon_core.package_identification:_identify(.) by extension 'colcon_pkg'
[1.948s] Level 1:colcon.colcon_core.package_identification:_identify(.) by extensions ['colcon_meta']
[1.948s] Level 1:colcon.colcon_core.package_identification:_identify(.) by extension 'colcon_meta'
[1.948s] Level 1:colcon.colcon_core.package_identification:_identify(.) by extensions ['ros']
[1.948s] Level 1:colcon.colcon_core.package_identification:_identify(.) by extension 'ros'
[2.029s] Level 1:colcon.colcon_core.package_identification:_identify(.) by extensions ['cmake', 'python']
[2.029s] Level 1:colcon.colcon_core.package_identification:_identify(.) by extension 'cmake'
[2.029s] Level 1:colcon.colcon_core.package_identification:_identify(.) by extension 'python'
[2.030s] Level 1:colcon.colcon_core.package_identification:_identify(.) by extensions ['python_setup_py']
[2.030s] Level 1:colcon.colcon_core.package_identification:_identify(.) by extension 'python_setup_py'
[2.031s] Level 1:colcon.colcon_core.package_identification:_identify(build) by extensions ['ignore', 'ignore_ament_install']
[2.031s] Level 1:colcon.colcon_core.package_identification:_identify(build) by extension 'ignore'
[2.031s] Level 1:colcon.colcon_core.package_identification:_identify(build) ignored
[2.032s] Level 1:colcon.colcon_core.package_identification:_identify(install) by extensions ['ignore', 'ignore_ament_install']
[2.033s] Level 1:colcon.colcon_core.package_identification:_identify(install) by extension 'ignore'
[2.033s] Level 1:colcon.colcon_core.package_identification:_identify(install) ignored
[2.033s] Level 1:colcon.colcon_core.package_identification:_identify(log) by extensions ['ignore', 'ignore_ament_install']
[2.034s] Level 1:colcon.colcon_core.package_identification:_identify(log) by extension 'ignore'
[2.034s] Level 1:colcon.colcon_core.package_identification:_identify(log) ignored
[2.035s] Level 1:colcon.colcon_core.package_identification:_identify(src) by extensions ['ignore', 'ignore_ament_install']
[2.036s] Level 1:colcon.colcon_core.package_identification:_identify(src) by extension 'ignore'
[2.036s] Level 1:colcon.colcon_core.package_identification:_identify(src) by extension 'ignore_ament_install'
[2.037s] Level 1:colcon.colcon_core.package_identification:_identify(src) by extensions ['colcon_pkg']
[2.037s] Level 1:colcon.colcon_core.package_identification:_identify(src) by extension 'colcon_pkg'
[2.037s] Level 1:colcon.colcon_core.package_identification:_identify(src) by extensions ['colcon_meta']
[2.038s] Level 1:colcon.colcon_core.package_identification:_identify(src) by extension 'colcon_meta'
[2.038s] Level 1:colcon.colcon_core.package_identification:_identify(src) by extensions ['ros']
[2.038s] Level 1:colcon.colcon_core.package_identification:_identify(src) by extension 'ros'
[2.039s] Level 1:colcon.colcon_core.package_identification:_identify(src) by extensions ['cmake', 'python']
[2.039s] Level 1:colcon.colcon_core.package_identification:_identify(src) by extension 'cmake'
[2.039s] Level 1:colcon.colcon_core.package_identification:_identify(src) by extension 'python'
[2.039s] Level 1:colcon.colcon_core.package_identification:_identify(src) by extensions ['python_setup_py']
[2.040s] Level 1:colcon.colcon_core.package_identification:_identify(src) by extension 'python_setup_py'
[2.040s] Level 1:colcon.colcon_core.package_identification:_identify(src/ldlidar_driver) by extensions ['ignore', 'ignore_ament_install']
[2.041s] Level 1:colcon.colcon_core.package_identification:_identify(src/ldlidar_driver) by extension 'ignore'
[2.041s] Level 1:colcon.colcon_core.package_identification:_identify(src/ldlidar_driver) by extension 'ignore_ament_install'
[2.042s] Level 1:colcon.colcon_core.package_identification:_identify(src/ldlidar_driver) by extensions ['colcon_pkg']
[2.042s] Level 1:colcon.colcon_core.package_identification:_identify(src/ldlidar_driver) by extension 'colcon_pkg'
[2.042s] Level 1:colcon.colcon_core.package_identification:_identify(src/ldlidar_driver) by extensions ['colcon_meta']
[2.042s] Level 1:colcon.colcon_core.package_identification:_identify(src/ldlidar_driver) by extension 'colcon_meta'
[2.043s] Level 1:colcon.colcon_core.package_identification:_identify(src/ldlidar_driver) by extensions ['ros']
[2.043s] Level 1:colcon.colcon_core.package_identification:_identify(src/ldlidar_driver) by extension 'ros'
[2.043s] Level 1:colcon.colcon_core.package_identification:_identify(src/ldlidar_driver) by extensions ['cmake', 'python']
[2.044s] Level 1:colcon.colcon_core.package_identification:_identify(src/ldlidar_driver) by extension 'cmake'
[2.044s] Level 1:colcon.colcon_core.package_identification:_identify(src/ldlidar_driver) by extension 'python'
[2.044s] Level 1:colcon.colcon_core.package_identification:_identify(src/ldlidar_driver) by extensions ['python_setup_py']
[2.044s] Level 1:colcon.colcon_core.package_identification:_identify(src/ldlidar_driver) by extension 'python_setup_py'
[2.045s] Level 1:colcon.colcon_core.package_identification:_identify(src/ldlidar_driver/include) by extensions ['ignore', 'ignore_ament_install']
[2.046s] Level 1:colcon.colcon_core.package_identification:_identify(src/ldlidar_driver/include) by extension 'ignore'
[2.046s] Level 1:colcon.colcon_core.package_identification:_identify(src/ldlidar_driver/include) by extension 'ignore_ament_install'
[2.046s] Level 1:colcon.colcon_core.package_identification:_identify(src/ldlidar_driver/include) by extensions ['colcon_pkg']
[2.046s] Level 1:colcon.colcon_core.package_identification:_identify(src/ldlidar_driver/include) by extension 'colcon_pkg'
[2.047s] Level 1:colcon.colcon_core.package_identification:_identify(src/ldlidar_driver/include) by extensions ['colcon_meta']
[2.047s] Level 1:colcon.colcon_core.package_identification:_identify(src/ldlidar_driver/include) by extension 'colcon_meta'
[2.047s] Level 1:colcon.colcon_core.package_identification:_identify(src/ldlidar_driver/include) by extensions ['ros']
[2.047s] Level 1:colcon.colcon_core.package_identification:_identify(src/ldlidar_driver/include) by extension 'ros'
[2.048s] Level 1:colcon.colcon_core.package_identification:_identify(src/ldlidar_driver/include) by extensions ['cmake', 'python']
[2.048s] Level 1:colcon.colcon_core.package_identification:_identify(src/ldlidar_driver/include) by extension 'cmake'
[2.048s] Level 1:colcon.colcon_core.package_identification:_identify(src/ldlidar_driver/include) by extension 'python'
[2.049s] Level 1:colcon.colcon_core.package_identification:_identify(src/ldlidar_driver/include) by extensions ['python_setup_py']
[2.049s] Level 1:colcon.colcon_core.package_identification:_identify(src/ldlidar_driver/include) by extension 'python_setup_py'
[2.049s] Level 1:colcon.colcon_core.package_identification:_identify(src/ldlidar_driver/src) by extensions ['ignore', 'ignore_ament_install']
[2.050s] Level 1:colcon.colcon_core.package_identification:_identify(src/ldlidar_driver/src) by extension 'ignore'
[2.050s] Level 1:colcon.colcon_core.package_identification:_identify(src/ldlidar_driver/src) by extension 'ignore_ament_install'
[2.051s] Level 1:colcon.colcon_core.package_identification:_identify(src/ldlidar_driver/src) by extensions ['colcon_pkg']
[2.051s] Level 1:colcon.colcon_core.package_identification:_identify(src/ldlidar_driver/src) by extension 'colcon_pkg'
[2.051s] Level 1:colcon.colcon_core.package_identification:_identify(src/ldlidar_driver/src) by extensions ['colcon_meta']
[2.051s] Level 1:colcon.colcon_core.package_identification:_identify(src/ldlidar_driver/src) by extension 'colcon_meta'
[2.052s] Level 1:colcon.colcon_core.package_identification:_identify(src/ldlidar_driver/src) by extensions ['ros']
[2.052s] Level 1:colcon.colcon_core.package_identification:_identify(src/ldlidar_driver/src) by extension 'ros'
[2.053s] Level 1:colcon.colcon_core.package_identification:_identify(src/ldlidar_driver/src) by extensions ['cmake', 'python']
[2.053s] Level 1:colcon.colcon_core.package_identification:_identify(src/ldlidar_driver/src) by extension 'cmake'
[2.053s] Level 1:colcon.colcon_core.package_identification:_identify(src/ldlidar_driver/src) by extension 'python'
[2.054s] Level 1:colcon.colcon_core.package_identification:_identify(src/ldlidar_driver/src) by extensions ['python_setup_py']
[2.054s] Level 1:colcon.colcon_core.package_identification:_identify(src/ldlidar_driver/src) by extension 'python_setup_py'
[2.055s] Level 1:colcon.colcon_core.package_identification:_identify(src/ros2_app) by extensions ['ignore', 'ignore_ament_install']
[2.055s] Level 1:colcon.colcon_core.package_identification:_identify(src/ros2_app) by extension 'ignore'
[2.056s] Level 1:colcon.colcon_core.package_identification:_identify(src/ros2_app) by extension 'ignore_ament_install'
[2.056s] Level 1:colcon.colcon_core.package_identification:_identify(src/ros2_app) by extensions ['colcon_pkg']
[2.056s] Level 1:colcon.colcon_core.package_identification:_identify(src/ros2_app) by extension 'colcon_pkg'
[2.057s] Level 1:colcon.colcon_core.package_identification:_identify(src/ros2_app) by extensions ['colcon_meta']
[2.057s] Level 1:colcon.colcon_core.package_identification:_identify(src/ros2_app) by extension 'colcon_meta'
[2.057s] Level 1:colcon.colcon_core.package_identification:_identify(src/ros2_app) by extensions ['ros']
[2.058s] Level 1:colcon.colcon_core.package_identification:_identify(src/ros2_app) by extension 'ros'
[2.058s] Level 1:colcon.colcon_core.package_identification:_identify(src/ros2_app) by extensions ['cmake', 'python']
[2.058s] Level 1:colcon.colcon_core.package_identification:_identify(src/ros2_app) by extension 'cmake'
[2.059s] Level 1:colcon.colcon_core.package_identification:_identify(src/ros2_app) by extension 'python'
[2.059s] Level 1:colcon.colcon_core.package_identification:_identify(src/ros2_app) by extensions ['python_setup_py']
[2.059s] Level 1:colcon.colcon_core.package_identification:_identify(src/ros2_app) by extension 'python_setup_py'
[2.060s] Level 1:colcon.colcon_core.package_identification:_identify(src/ros2_app/src) by extensions ['ignore', 'ignore_ament_install']
[2.061s] Level 1:colcon.colcon_core.package_identification:_identify(src/ros2_app/src) by extension 'ignore'
[2.061s] Level 1:colcon.colcon_core.package_identification:_identify(src/ros2_app/src) by extension 'ignore_ament_install'
[2.061s] Level 1:colcon.colcon_core.package_identification:_identify(src/ros2_app/src) by extensions ['colcon_pkg']
[2.062s] Level 1:colcon.colcon_core.package_identification:_identify(src/ros2_app/src) by extension 'colcon_pkg'
[2.062s] Level 1:colcon.colcon_core.package_identification:_identify(src/ros2_app/src) by extensions ['colcon_meta']
[2.062s] Level 1:colcon.colcon_core.package_identification:_identify(src/ros2_app/src) by extension 'colcon_meta'
[2.062s] Level 1:colcon.colcon_core.package_identification:_identify(src/ros2_app/src) by extensions ['ros']
[2.063s] Level 1:colcon.colcon_core.package_identification:_identify(src/ros2_app/src) by extension 'ros'
[2.063s] Level 1:colcon.colcon_core.package_identification:_identify(src/ros2_app/src) by extensions ['cmake', 'python']
[2.063s] Level 1:colcon.colcon_core.package_identification:_identify(src/ros2_app/src) by extension 'cmake'
[2.064s] Level 1:colcon.colcon_core.package_identification:_identify(src/ros2_app/src) by extension 'python'
[2.064s] Level 1:colcon.colcon_core.package_identification:_identify(src/ros2_app/src) by extensions ['python_setup_py']
[2.064s] Level 1:colcon.colcon_core.package_identification:_identify(src/ros2_app/src) by extension 'python_setup_py'
[2.065s] Level 1:colcon.colcon_core.package_identification:_identify(src/ros2_app/src/ldlidar) by extensions ['ignore', 'ignore_ament_install']
[2.065s] Level 1:colcon.colcon_core.package_identification:_identify(src/ros2_app/src/ldlidar) by extension 'ignore'
[2.066s] Level 1:colcon.colcon_core.package_identification:_identify(src/ros2_app/src/ldlidar) by extension 'ignore_ament_install'
[2.066s] Level 1:colcon.colcon_core.package_identification:_identify(src/ros2_app/src/ldlidar) by extensions ['colcon_pkg']
[2.067s] Level 1:colcon.colcon_core.package_identification:_identify(src/ros2_app/src/ldlidar) by extension 'colcon_pkg'
[2.068s] Level 1:colcon.colcon_core.package_identification:_identify(src/ros2_app/src/ldlidar) by extensions ['colcon_meta']
[2.068s] Level 1:colcon.colcon_core.package_identification:_identify(src/ros2_app/src/ldlidar) by extension 'colcon_meta'
[2.069s] Level 1:colcon.colcon_core.package_identification:_identify(src/ros2_app/src/ldlidar) by extensions ['ros']
[2.069s] Level 1:colcon.colcon_core.package_identification:_identify(src/ros2_app/src/ldlidar) by extension 'ros'
[2.084s] DEBUG:colcon.colcon_core.package_identification:Package 'src/ros2_app/src/ldlidar' with type 'ros.ament_cmake' and name 'ldlidar'
[2.084s] Level 1:colcon.colcon_core.package_discovery:discover_packages(recursive) using defaults
[2.085s] Level 1:colcon.colcon_core.package_discovery:discover_packages(ignore) discover
[2.085s] Level 1:colcon.colcon_core.package_discovery:discover_packages(ignore) using defaults
[2.085s] Level 1:colcon.colcon_core.package_discovery:discover_packages(path) discover
[2.085s] Level 1:colcon.colcon_core.package_discovery:discover_packages(path) using defaults
[2.210s] Level 1:colcon.colcon_core.package_discovery:discover_packages(prefix_path) check parameters
[2.210s] Level 1:colcon.colcon_core.package_discovery:discover_packages(prefix_path) discover
[2.231s] DEBUG:colcon.colcon_installed_package_information.package_discovery:Found 1 installed packages in /root/stp23_ros2_ws/install
[2.234s] DEBUG:colcon.colcon_installed_package_information.package_discovery:Found 54 installed packages in /opt/tros/humble
[2.246s] DEBUG:colcon.colcon_installed_package_information.package_discovery:Found 271 installed packages in /opt/ros/humble
[2.339s] Level 1:colcon.colcon_core.package_discovery:discover_packages(prefix_path) using defaults
[2.665s] Level 5:colcon.colcon_core.verb:set package 'ldlidar' build argument 'cmake_args' from command line to 'None'
[2.665s] Level 5:colcon.colcon_core.verb:set package 'ldlidar' build argument 'cmake_target' from command line to 'None'
[2.666s] Level 5:colcon.colcon_core.verb:set package 'ldlidar' build argument 'cmake_target_skip_unavailable' from command line to 'False'
[2.666s] Level 5:colcon.colcon_core.verb:set package 'ldlidar' build argument 'cmake_clean_cache' from command line to 'False'
[2.666s] Level 5:colcon.colcon_core.verb:set package 'ldlidar' build argument 'cmake_clean_first' from command line to 'False'
[2.666s] Level 5:colcon.colcon_core.verb:set package 'ldlidar' build argument 'cmake_force_configure' from command line to 'False'
[2.667s] Level 5:colcon.colcon_core.verb:set package 'ldlidar' build argument 'ament_cmake_args' from command line to 'None'
[2.667s] Level 5:colcon.colcon_core.verb:set package 'ldlidar' build argument 'catkin_cmake_args' from command line to 'None'
[2.667s] Level 5:colcon.colcon_core.verb:set package 'ldlidar' build argument 'catkin_skip_building_tests' from command line to 'False'
[2.667s] DEBUG:colcon.colcon_core.verb:Building package 'ldlidar' with the following arguments: {'ament_cmake_args': None, 'build_base': '/root/stp23_ros2_ws/build/ldlidar', 'catkin_cmake_args': None, 'catkin_skip_building_tests': False, 'cmake_args': None, 'cmake_clean_cache': False, 'cmake_clean_first': False, 'cmake_force_configure': False, 'cmake_target': None, 'cmake_target_skip_unavailable': False, 'install_base': '/root/stp23_ros2_ws/install/ldlidar', 'merge_install': False, 'path': '/root/stp23_ros2_ws/src/ros2_app/src/ldlidar', 'symlink_install': False, 'test_result_base': None}
[2.668s] INFO:colcon.colcon_core.executor:Executing jobs using 'parallel' executor
[2.674s] DEBUG:colcon.colcon_parallel_executor.executor.parallel:run_until_complete
[2.676s] INFO:colcon.colcon_ros.task.ament_cmake.build:Building ROS package in '/root/stp23_ros2_ws/src/ros2_app/src/ldlidar' with build type 'ament_cmake'
[2.677s] INFO:colcon.colcon_cmake.task.cmake.build:Building CMake package in '/root/stp23_ros2_ws/src/ros2_app/src/ldlidar'
[2.688s] INFO:colcon.colcon_core.plugin_system:Skipping extension 'colcon_core.shell.bat': Not used on non-Windows systems
[2.689s] INFO:colcon.colcon_core.shell:Skip shell extension 'powershell' for command environment: Not usable outside of PowerShell
[2.689s] DEBUG:colcon.colcon_core.shell:Skip shell extension 'dsv' for command environment
[2.732s] DEBUG:colcon.colcon_core.event_handler.log_command:Invoking command in '/root/stp23_ros2_ws/build/ldlidar': CMAKE_PREFIX_PATH=${CMAKE_PREFIX_PATH}:/opt/tros/humble:/opt/ros/humble /usr/bin/cmake --build /root/stp23_ros2_ws/build/ldlidar -- -j8 -l8
[3.058s] DEBUG:colcon.colcon_core.event_handler.log_command:Invoked command in '/root/stp23_ros2_ws/build/ldlidar' returned '0': CMAKE_PREFIX_PATH=${CMAKE_PREFIX_PATH}:/opt/tros/humble:/opt/ros/humble /usr/bin/cmake --build /root/stp23_ros2_ws/build/ldlidar -- -j8 -l8
[3.116s] DEBUG:colcon.colcon_core.event_handler.log_command:Invoking command in '/root/stp23_ros2_ws/build/ldlidar': CMAKE_PREFIX_PATH=${CMAKE_PREFIX_PATH}:/opt/tros/humble:/opt/ros/humble /usr/bin/cmake --install /root/stp23_ros2_ws/build/ldlidar
[3.170s] Level 1:colcon.colcon_core.environment:create_environment_scripts_only(ldlidar)
[3.178s] DEBUG:colcon.colcon_core.event_handler.log_command:Invoked command in '/root/stp23_ros2_ws/build/ldlidar' returned '0': CMAKE_PREFIX_PATH=${CMAKE_PREFIX_PATH}:/opt/tros/humble:/opt/ros/humble /usr/bin/cmake --install /root/stp23_ros2_ws/build/ldlidar
[3.190s] Level 1:colcon.colcon_core.environment:checking '/root/stp23_ros2_ws/install/ldlidar' for CMake module files
[3.194s] Level 1:colcon.colcon_core.environment:checking '/root/stp23_ros2_ws/install/ldlidar' for CMake config files
[3.196s] Level 1:colcon.colcon_core.shell:create_environment_hook('ldlidar', 'cmake_prefix_path')
[3.198s] INFO:colcon.colcon_core.shell:Creating environment hook '/root/stp23_ros2_ws/install/ldlidar/share/ldlidar/hook/cmake_prefix_path.ps1'
[3.204s] INFO:colcon.colcon_core.shell:Creating environment descriptor '/root/stp23_ros2_ws/install/ldlidar/share/ldlidar/hook/cmake_prefix_path.dsv'
[3.207s] INFO:colcon.colcon_core.shell:Creating environment hook '/root/stp23_ros2_ws/install/ldlidar/share/ldlidar/hook/cmake_prefix_path.sh'
[3.213s] Level 1:colcon.colcon_core.environment:checking '/root/stp23_ros2_ws/install/ldlidar/lib'
[3.214s] Level 1:colcon.colcon_core.environment:checking '/root/stp23_ros2_ws/install/ldlidar/bin'
[3.215s] Level 1:colcon.colcon_core.environment:checking '/root/stp23_ros2_ws/install/ldlidar/lib/pkgconfig/ldlidar.pc'
[3.216s] Level 1:colcon.colcon_core.environment:checking '/root/stp23_ros2_ws/install/ldlidar/lib/python3.10/site-packages'
[3.218s] Level 1:colcon.colcon_core.environment:checking '/root/stp23_ros2_ws/install/ldlidar/bin'
[3.220s] INFO:colcon.colcon_core.shell:Creating package script '/root/stp23_ros2_ws/install/ldlidar/share/ldlidar/package.ps1'
[3.226s] INFO:colcon.colcon_core.shell:Creating package descriptor '/root/stp23_ros2_ws/install/ldlidar/share/ldlidar/package.dsv'
[3.230s] INFO:colcon.colcon_core.shell:Creating package script '/root/stp23_ros2_ws/install/ldlidar/share/ldlidar/package.sh'
[3.235s] INFO:colcon.colcon_core.shell:Creating package script '/root/stp23_ros2_ws/install/ldlidar/share/ldlidar/package.bash'
[3.243s] INFO:colcon.colcon_core.shell:Creating package script '/root/stp23_ros2_ws/install/ldlidar/share/ldlidar/package.zsh'
[3.247s] Level 1:colcon.colcon_core.environment:create_file_with_runtime_dependencies(/root/stp23_ros2_ws/install/ldlidar/share/colcon-core/packages/ldlidar)
[3.251s] Level 1:colcon.colcon_core.environment:create_environment_scripts_only(ldlidar)
[3.252s] Level 1:colcon.colcon_core.environment:checking '/root/stp23_ros2_ws/install/ldlidar' for CMake module files
[3.255s] Level 1:colcon.colcon_core.environment:checking '/root/stp23_ros2_ws/install/ldlidar' for CMake config files
[3.257s] Level 1:colcon.colcon_core.shell:create_environment_hook('ldlidar', 'cmake_prefix_path')
[3.258s] INFO:colcon.colcon_core.shell:Creating environment hook '/root/stp23_ros2_ws/install/ldlidar/share/ldlidar/hook/cmake_prefix_path.ps1'
[3.262s] INFO:colcon.colcon_core.shell:Creating environment descriptor '/root/stp23_ros2_ws/install/ldlidar/share/ldlidar/hook/cmake_prefix_path.dsv'
[3.264s] INFO:colcon.colcon_core.shell:Creating environment hook '/root/stp23_ros2_ws/install/ldlidar/share/ldlidar/hook/cmake_prefix_path.sh'
[3.267s] Level 1:colcon.colcon_core.environment:checking '/root/stp23_ros2_ws/install/ldlidar/lib'
[3.267s] Level 1:colcon.colcon_core.environment:checking '/root/stp23_ros2_ws/install/ldlidar/bin'
[3.268s] Level 1:colcon.colcon_core.environment:checking '/root/stp23_ros2_ws/install/ldlidar/lib/pkgconfig/ldlidar.pc'
[3.269s] Level 1:colcon.colcon_core.environment:checking '/root/stp23_ros2_ws/install/ldlidar/lib/python3.10/site-packages'
[3.271s] Level 1:colcon.colcon_core.environment:checking '/root/stp23_ros2_ws/install/ldlidar/bin'
[3.273s] INFO:colcon.colcon_core.shell:Creating package script '/root/stp23_ros2_ws/install/ldlidar/share/ldlidar/package.ps1'
[3.278s] INFO:colcon.colcon_core.shell:Creating package descriptor '/root/stp23_ros2_ws/install/ldlidar/share/ldlidar/package.dsv'
[3.281s] INFO:colcon.colcon_core.shell:Creating package script '/root/stp23_ros2_ws/install/ldlidar/share/ldlidar/package.sh'
[3.283s] INFO:colcon.colcon_core.shell:Creating package script '/root/stp23_ros2_ws/install/ldlidar/share/ldlidar/package.bash'
[3.286s] INFO:colcon.colcon_core.shell:Creating package script '/root/stp23_ros2_ws/install/ldlidar/share/ldlidar/package.zsh'
[3.289s] Level 1:colcon.colcon_core.environment:create_file_with_runtime_dependencies(/root/stp23_ros2_ws/install/ldlidar/share/colcon-core/packages/ldlidar)
[3.291s] DEBUG:colcon.colcon_parallel_executor.executor.parallel:closing loop
[3.292s] DEBUG:colcon.colcon_parallel_executor.executor.parallel:loop closed
[3.293s] DEBUG:colcon.colcon_parallel_executor.executor.parallel:run_until_complete finished with '0'
[3.294s] DEBUG:colcon.colcon_core.event_reactor:joining thread
[3.324s] INFO:colcon.colcon_core.plugin_system:Skipping extension 'colcon_notification.desktop_notification.notify_send': Could not find 'notify-send'
[3.325s] INFO:colcon.colcon_core.plugin_system:Skipping extension 'colcon_notification.desktop_notification.terminal_notifier': Not used on non-Darwin systems
[3.326s] INFO:colcon.colcon_core.plugin_system:Skipping extension 'colcon_notification.desktop_notification.win32': Not used on non-Windows systems
[3.326s] INFO:colcon.colcon_notification.desktop_notification:Sending desktop notification using 'notify2'
[28.347s] DEBUG:colcon.colcon_notification.desktop_notification.notify2:Failed to initialize notify2: org.freedesktop.DBus.Error.NoReply: Did not receive a reply. Possible causes include: the remote application did not send a reply, the message bus security policy blocked the reply, the reply timeout expired, or the network connection was broken.
[28.348s] DEBUG:colcon.colcon_core.event_reactor:joined thread
[28.349s] INFO:colcon.colcon_core.shell:Creating prefix script '/root/stp23_ros2_ws/install/local_setup.ps1'
[28.356s] INFO:colcon.colcon_core.shell:Creating prefix util module '/root/stp23_ros2_ws/install/_local_setup_util_ps1.py'
[28.365s] INFO:colcon.colcon_core.shell:Creating prefix chain script '/root/stp23_ros2_ws/install/setup.ps1'
[28.372s] INFO:colcon.colcon_core.shell:Creating prefix script '/root/stp23_ros2_ws/install/local_setup.sh'
[28.377s] INFO:colcon.colcon_core.shell:Creating prefix util module '/root/stp23_ros2_ws/install/_local_setup_util_sh.py'
[28.381s] INFO:colcon.colcon_core.shell:Creating prefix chain script '/root/stp23_ros2_ws/install/setup.sh'
[28.388s] INFO:colcon.colcon_core.shell:Creating prefix script '/root/stp23_ros2_ws/install/local_setup.bash'
[28.391s] INFO:colcon.colcon_core.shell:Creating prefix chain script '/root/stp23_ros2_ws/install/setup.bash'
[28.396s] INFO:colcon.colcon_core.shell:Creating prefix script '/root/stp23_ros2_ws/install/local_setup.zsh'
[28.400s] INFO:colcon.colcon_core.shell:Creating prefix chain script '/root/stp23_ros2_ws/install/setup.zsh'
