[0.675s] DEBUG:colcon:Command line arguments: ['/usr/bin/colcon', 'build']
[0.676s] DEBUG:colcon:Parsed command line arguments: Namespace(log_base=None, log_level=None, verb_name='build', build_base='build', install_base='install', merge_install=False, symlink_install=False, test_result_base=None, continue_on_error=False, executor='parallel', parallel_workers=8, event_handlers=None, ignore_user_meta=False, metas=['./colcon.meta'], base_paths=['.'], packages_ignore=None, packages_ignore_regex=None, paths=None, packages_up_to=None, packages_up_to_regex=None, packages_above=None, packages_above_and_dependencies=None, packages_above_depth=None, packages_select_by_dep=None, packages_skip_by_dep=None, packages_skip_up_to=None, packages_select_build_failed=False, packages_skip_build_finished=False, packages_select_test_failures=False, packages_skip_test_passed=False, packages_select=None, packages_skip=None, packages_select_regex=None, packages_skip_regex=None, packages_start=None, packages_end=None, allow_overriding=[], cmake_args=None, cmake_target=None, cmake_target_skip_unavailable=False, cmake_clean_cache=False, cmake_clean_first=False, cmake_force_configure=False, ament_cmake_args=None, catkin_cmake_args=None, catkin_skip_building_tests=False, verb_parser=<colcon_defaults.argument_parser.defaults.DefaultArgumentsDecorator object at 0xffffb9f20b50>, verb_extension=<colcon_core.verb.build.BuildVerb object at 0xffffb9f20700>, main=<bound method BuildVerb.main of <colcon_core.verb.build.BuildVerb object at 0xffffb9f20700>>)
[1.830s] Level 1:colcon.colcon_core.package_discovery:discover_packages(colcon_meta) check parameters
[1.831s] Level 1:colcon.colcon_core.package_discovery:discover_packages(recursive) check parameters
[1.831s] Level 1:colcon.colcon_core.package_discovery:discover_packages(ignore) check parameters
[1.831s] Level 1:colcon.colcon_core.package_discovery:discover_packages(path) check parameters
[1.832s] Level 1:colcon.colcon_core.package_discovery:discover_packages(colcon_meta) discover
[1.832s] Level 1:colcon.colcon_core.package_discovery:discover_packages(recursive) discover
[1.832s] INFO:colcon.colcon_core.package_discovery:Crawling recursively for packages in '/root/stp23_ros2_ws'
[1.833s] Level 1:colcon.colcon_core.package_identification:_identify(.) by extensions ['ignore', 'ignore_ament_install']
[1.833s] Level 1:colcon.colcon_core.package_identification:_identify(.) by extension 'ignore'
[1.834s] Level 1:colcon.colcon_core.package_identification:_identify(.) by extension 'ignore_ament_install'
[1.834s] Level 1:colcon.colcon_core.package_identification:_identify(.) by extensions ['colcon_pkg']
[1.834s] Level 1:colcon.colcon_core.package_identification:_identify(.) by extension 'colcon_pkg'
[1.834s] Level 1:colcon.colcon_core.package_identification:_identify(.) by extensions ['colcon_meta']
[1.835s] Level 1:colcon.colcon_core.package_identification:_identify(.) by extension 'colcon_meta'
[1.835s] Level 1:colcon.colcon_core.package_identification:_identify(.) by extensions ['ros']
[1.835s] Level 1:colcon.colcon_core.package_identification:_identify(.) by extension 'ros'
[1.910s] Level 1:colcon.colcon_core.package_identification:_identify(.) by extensions ['cmake', 'python']
[1.911s] Level 1:colcon.colcon_core.package_identification:_identify(.) by extension 'cmake'
[1.911s] Level 1:colcon.colcon_core.package_identification:_identify(.) by extension 'python'
[1.912s] Level 1:colcon.colcon_core.package_identification:_identify(.) by extensions ['python_setup_py']
[1.912s] Level 1:colcon.colcon_core.package_identification:_identify(.) by extension 'python_setup_py'
[1.913s] Level 1:colcon.colcon_core.package_identification:_identify(build) by extensions ['ignore', 'ignore_ament_install']
[1.913s] Level 1:colcon.colcon_core.package_identification:_identify(build) by extension 'ignore'
[1.914s] Level 1:colcon.colcon_core.package_identification:_identify(build) ignored
[1.914s] Level 1:colcon.colcon_core.package_identification:_identify(install) by extensions ['ignore', 'ignore_ament_install']
[1.915s] Level 1:colcon.colcon_core.package_identification:_identify(install) by extension 'ignore'
[1.915s] Level 1:colcon.colcon_core.package_identification:_identify(install) ignored
[1.916s] Level 1:colcon.colcon_core.package_identification:_identify(log) by extensions ['ignore', 'ignore_ament_install']
[1.916s] Level 1:colcon.colcon_core.package_identification:_identify(log) by extension 'ignore'
[1.916s] Level 1:colcon.colcon_core.package_identification:_identify(log) ignored
[1.917s] Level 1:colcon.colcon_core.package_identification:_identify(src) by extensions ['ignore', 'ignore_ament_install']
[1.917s] Level 1:colcon.colcon_core.package_identification:_identify(src) by extension 'ignore'
[1.918s] Level 1:colcon.colcon_core.package_identification:_identify(src) by extension 'ignore_ament_install'
[1.918s] Level 1:colcon.colcon_core.package_identification:_identify(src) by extensions ['colcon_pkg']
[1.918s] Level 1:colcon.colcon_core.package_identification:_identify(src) by extension 'colcon_pkg'
[1.918s] Level 1:colcon.colcon_core.package_identification:_identify(src) by extensions ['colcon_meta']
[1.919s] Level 1:colcon.colcon_core.package_identification:_identify(src) by extension 'colcon_meta'
[1.919s] Level 1:colcon.colcon_core.package_identification:_identify(src) by extensions ['ros']
[1.919s] Level 1:colcon.colcon_core.package_identification:_identify(src) by extension 'ros'
[1.920s] Level 1:colcon.colcon_core.package_identification:_identify(src) by extensions ['cmake', 'python']
[1.920s] Level 1:colcon.colcon_core.package_identification:_identify(src) by extension 'cmake'
[1.920s] Level 1:colcon.colcon_core.package_identification:_identify(src) by extension 'python'
[1.920s] Level 1:colcon.colcon_core.package_identification:_identify(src) by extensions ['python_setup_py']
[1.920s] Level 1:colcon.colcon_core.package_identification:_identify(src) by extension 'python_setup_py'
[1.921s] Level 1:colcon.colcon_core.package_identification:_identify(src/ldlidar_driver) by extensions ['ignore', 'ignore_ament_install']
[1.921s] Level 1:colcon.colcon_core.package_identification:_identify(src/ldlidar_driver) by extension 'ignore'
[1.922s] Level 1:colcon.colcon_core.package_identification:_identify(src/ldlidar_driver) by extension 'ignore_ament_install'
[1.922s] Level 1:colcon.colcon_core.package_identification:_identify(src/ldlidar_driver) by extensions ['colcon_pkg']
[1.922s] Level 1:colcon.colcon_core.package_identification:_identify(src/ldlidar_driver) by extension 'colcon_pkg'
[1.923s] Level 1:colcon.colcon_core.package_identification:_identify(src/ldlidar_driver) by extensions ['colcon_meta']
[1.923s] Level 1:colcon.colcon_core.package_identification:_identify(src/ldlidar_driver) by extension 'colcon_meta'
[1.923s] Level 1:colcon.colcon_core.package_identification:_identify(src/ldlidar_driver) by extensions ['ros']
[1.923s] Level 1:colcon.colcon_core.package_identification:_identify(src/ldlidar_driver) by extension 'ros'
[1.924s] Level 1:colcon.colcon_core.package_identification:_identify(src/ldlidar_driver) by extensions ['cmake', 'python']
[1.924s] Level 1:colcon.colcon_core.package_identification:_identify(src/ldlidar_driver) by extension 'cmake'
[1.924s] Level 1:colcon.colcon_core.package_identification:_identify(src/ldlidar_driver) by extension 'python'
[1.925s] Level 1:colcon.colcon_core.package_identification:_identify(src/ldlidar_driver) by extensions ['python_setup_py']
[1.925s] Level 1:colcon.colcon_core.package_identification:_identify(src/ldlidar_driver) by extension 'python_setup_py'
[1.925s] Level 1:colcon.colcon_core.package_identification:_identify(src/ldlidar_driver/include) by extensions ['ignore', 'ignore_ament_install']
[1.926s] Level 1:colcon.colcon_core.package_identification:_identify(src/ldlidar_driver/include) by extension 'ignore'
[1.926s] Level 1:colcon.colcon_core.package_identification:_identify(src/ldlidar_driver/include) by extension 'ignore_ament_install'
[1.926s] Level 1:colcon.colcon_core.package_identification:_identify(src/ldlidar_driver/include) by extensions ['colcon_pkg']
[1.927s] Level 1:colcon.colcon_core.package_identification:_identify(src/ldlidar_driver/include) by extension 'colcon_pkg'
[1.927s] Level 1:colcon.colcon_core.package_identification:_identify(src/ldlidar_driver/include) by extensions ['colcon_meta']
[1.927s] Level 1:colcon.colcon_core.package_identification:_identify(src/ldlidar_driver/include) by extension 'colcon_meta'
[1.928s] Level 1:colcon.colcon_core.package_identification:_identify(src/ldlidar_driver/include) by extensions ['ros']
[1.928s] Level 1:colcon.colcon_core.package_identification:_identify(src/ldlidar_driver/include) by extension 'ros'
[1.928s] Level 1:colcon.colcon_core.package_identification:_identify(src/ldlidar_driver/include) by extensions ['cmake', 'python']
[1.928s] Level 1:colcon.colcon_core.package_identification:_identify(src/ldlidar_driver/include) by extension 'cmake'
[1.929s] Level 1:colcon.colcon_core.package_identification:_identify(src/ldlidar_driver/include) by extension 'python'
[1.929s] Level 1:colcon.colcon_core.package_identification:_identify(src/ldlidar_driver/include) by extensions ['python_setup_py']
[1.929s] Level 1:colcon.colcon_core.package_identification:_identify(src/ldlidar_driver/include) by extension 'python_setup_py'
[1.930s] Level 1:colcon.colcon_core.package_identification:_identify(src/ldlidar_driver/src) by extensions ['ignore', 'ignore_ament_install']
[1.930s] Level 1:colcon.colcon_core.package_identification:_identify(src/ldlidar_driver/src) by extension 'ignore'
[1.931s] Level 1:colcon.colcon_core.package_identification:_identify(src/ldlidar_driver/src) by extension 'ignore_ament_install'
[1.931s] Level 1:colcon.colcon_core.package_identification:_identify(src/ldlidar_driver/src) by extensions ['colcon_pkg']
[1.931s] Level 1:colcon.colcon_core.package_identification:_identify(src/ldlidar_driver/src) by extension 'colcon_pkg'
[1.931s] Level 1:colcon.colcon_core.package_identification:_identify(src/ldlidar_driver/src) by extensions ['colcon_meta']
[1.931s] Level 1:colcon.colcon_core.package_identification:_identify(src/ldlidar_driver/src) by extension 'colcon_meta'
[1.932s] Level 1:colcon.colcon_core.package_identification:_identify(src/ldlidar_driver/src) by extensions ['ros']
[1.932s] Level 1:colcon.colcon_core.package_identification:_identify(src/ldlidar_driver/src) by extension 'ros'
[1.933s] Level 1:colcon.colcon_core.package_identification:_identify(src/ldlidar_driver/src) by extensions ['cmake', 'python']
[1.933s] Level 1:colcon.colcon_core.package_identification:_identify(src/ldlidar_driver/src) by extension 'cmake'
[1.933s] Level 1:colcon.colcon_core.package_identification:_identify(src/ldlidar_driver/src) by extension 'python'
[1.933s] Level 1:colcon.colcon_core.package_identification:_identify(src/ldlidar_driver/src) by extensions ['python_setup_py']
[1.933s] Level 1:colcon.colcon_core.package_identification:_identify(src/ldlidar_driver/src) by extension 'python_setup_py'
[1.934s] Level 1:colcon.colcon_core.package_identification:_identify(src/ros2_app) by extensions ['ignore', 'ignore_ament_install']
[1.934s] Level 1:colcon.colcon_core.package_identification:_identify(src/ros2_app) by extension 'ignore'
[1.935s] Level 1:colcon.colcon_core.package_identification:_identify(src/ros2_app) by extension 'ignore_ament_install'
[1.935s] Level 1:colcon.colcon_core.package_identification:_identify(src/ros2_app) by extensions ['colcon_pkg']
[1.935s] Level 1:colcon.colcon_core.package_identification:_identify(src/ros2_app) by extension 'colcon_pkg'
[1.936s] Level 1:colcon.colcon_core.package_identification:_identify(src/ros2_app) by extensions ['colcon_meta']
[1.936s] Level 1:colcon.colcon_core.package_identification:_identify(src/ros2_app) by extension 'colcon_meta'
[1.936s] Level 1:colcon.colcon_core.package_identification:_identify(src/ros2_app) by extensions ['ros']
[1.936s] Level 1:colcon.colcon_core.package_identification:_identify(src/ros2_app) by extension 'ros'
[1.937s] Level 1:colcon.colcon_core.package_identification:_identify(src/ros2_app) by extensions ['cmake', 'python']
[1.937s] Level 1:colcon.colcon_core.package_identification:_identify(src/ros2_app) by extension 'cmake'
[1.937s] Level 1:colcon.colcon_core.package_identification:_identify(src/ros2_app) by extension 'python'
[1.938s] Level 1:colcon.colcon_core.package_identification:_identify(src/ros2_app) by extensions ['python_setup_py']
[1.938s] Level 1:colcon.colcon_core.package_identification:_identify(src/ros2_app) by extension 'python_setup_py'
[1.938s] Level 1:colcon.colcon_core.package_identification:_identify(src/ros2_app/src) by extensions ['ignore', 'ignore_ament_install']
[1.939s] Level 1:colcon.colcon_core.package_identification:_identify(src/ros2_app/src) by extension 'ignore'
[1.939s] Level 1:colcon.colcon_core.package_identification:_identify(src/ros2_app/src) by extension 'ignore_ament_install'
[1.939s] Level 1:colcon.colcon_core.package_identification:_identify(src/ros2_app/src) by extensions ['colcon_pkg']
[1.940s] Level 1:colcon.colcon_core.package_identification:_identify(src/ros2_app/src) by extension 'colcon_pkg'
[1.940s] Level 1:colcon.colcon_core.package_identification:_identify(src/ros2_app/src) by extensions ['colcon_meta']
[1.940s] Level 1:colcon.colcon_core.package_identification:_identify(src/ros2_app/src) by extension 'colcon_meta'
[1.940s] Level 1:colcon.colcon_core.package_identification:_identify(src/ros2_app/src) by extensions ['ros']
[1.941s] Level 1:colcon.colcon_core.package_identification:_identify(src/ros2_app/src) by extension 'ros'
[1.941s] Level 1:colcon.colcon_core.package_identification:_identify(src/ros2_app/src) by extensions ['cmake', 'python']
[1.941s] Level 1:colcon.colcon_core.package_identification:_identify(src/ros2_app/src) by extension 'cmake'
[1.941s] Level 1:colcon.colcon_core.package_identification:_identify(src/ros2_app/src) by extension 'python'
[1.942s] Level 1:colcon.colcon_core.package_identification:_identify(src/ros2_app/src) by extensions ['python_setup_py']
[1.942s] Level 1:colcon.colcon_core.package_identification:_identify(src/ros2_app/src) by extension 'python_setup_py'
[1.943s] Level 1:colcon.colcon_core.package_identification:_identify(src/ros2_app/src/ldlidar) by extensions ['ignore', 'ignore_ament_install']
[1.943s] Level 1:colcon.colcon_core.package_identification:_identify(src/ros2_app/src/ldlidar) by extension 'ignore'
[1.943s] Level 1:colcon.colcon_core.package_identification:_identify(src/ros2_app/src/ldlidar) by extension 'ignore_ament_install'
[1.944s] Level 1:colcon.colcon_core.package_identification:_identify(src/ros2_app/src/ldlidar) by extensions ['colcon_pkg']
[1.944s] Level 1:colcon.colcon_core.package_identification:_identify(src/ros2_app/src/ldlidar) by extension 'colcon_pkg'
[1.944s] Level 1:colcon.colcon_core.package_identification:_identify(src/ros2_app/src/ldlidar) by extensions ['colcon_meta']
[1.944s] Level 1:colcon.colcon_core.package_identification:_identify(src/ros2_app/src/ldlidar) by extension 'colcon_meta'
[1.945s] Level 1:colcon.colcon_core.package_identification:_identify(src/ros2_app/src/ldlidar) by extensions ['ros']
[1.945s] Level 1:colcon.colcon_core.package_identification:_identify(src/ros2_app/src/ldlidar) by extension 'ros'
[1.959s] DEBUG:colcon.colcon_core.package_identification:Package 'src/ros2_app/src/ldlidar' with type 'ros.ament_cmake' and name 'ldlidar'
[1.960s] Level 1:colcon.colcon_core.package_discovery:discover_packages(recursive) using defaults
[1.960s] Level 1:colcon.colcon_core.package_discovery:discover_packages(ignore) discover
[1.960s] Level 1:colcon.colcon_core.package_discovery:discover_packages(ignore) using defaults
[1.961s] Level 1:colcon.colcon_core.package_discovery:discover_packages(path) discover
[1.961s] Level 1:colcon.colcon_core.package_discovery:discover_packages(path) using defaults
[2.078s] Level 1:colcon.colcon_core.package_discovery:discover_packages(prefix_path) check parameters
[2.079s] Level 1:colcon.colcon_core.package_discovery:discover_packages(prefix_path) discover
[2.097s] DEBUG:colcon.colcon_installed_package_information.package_discovery:Found 1 installed packages in /root/stp23_ros2_ws/install
[2.100s] DEBUG:colcon.colcon_installed_package_information.package_discovery:Found 54 installed packages in /opt/tros/humble
[2.110s] DEBUG:colcon.colcon_installed_package_information.package_discovery:Found 271 installed packages in /opt/ros/humble
[2.199s] Level 1:colcon.colcon_core.package_discovery:discover_packages(prefix_path) using defaults
[2.501s] Level 5:colcon.colcon_core.verb:set package 'ldlidar' build argument 'cmake_args' from command line to 'None'
[2.501s] Level 5:colcon.colcon_core.verb:set package 'ldlidar' build argument 'cmake_target' from command line to 'None'
[2.502s] Level 5:colcon.colcon_core.verb:set package 'ldlidar' build argument 'cmake_target_skip_unavailable' from command line to 'False'
[2.502s] Level 5:colcon.colcon_core.verb:set package 'ldlidar' build argument 'cmake_clean_cache' from command line to 'False'
[2.502s] Level 5:colcon.colcon_core.verb:set package 'ldlidar' build argument 'cmake_clean_first' from command line to 'False'
[2.502s] Level 5:colcon.colcon_core.verb:set package 'ldlidar' build argument 'cmake_force_configure' from command line to 'False'
[2.502s] Level 5:colcon.colcon_core.verb:set package 'ldlidar' build argument 'ament_cmake_args' from command line to 'None'
[2.503s] Level 5:colcon.colcon_core.verb:set package 'ldlidar' build argument 'catkin_cmake_args' from command line to 'None'
[2.503s] Level 5:colcon.colcon_core.verb:set package 'ldlidar' build argument 'catkin_skip_building_tests' from command line to 'False'
[2.503s] DEBUG:colcon.colcon_core.verb:Building package 'ldlidar' with the following arguments: {'ament_cmake_args': None, 'build_base': '/root/stp23_ros2_ws/build/ldlidar', 'catkin_cmake_args': None, 'catkin_skip_building_tests': False, 'cmake_args': None, 'cmake_clean_cache': False, 'cmake_clean_first': False, 'cmake_force_configure': False, 'cmake_target': None, 'cmake_target_skip_unavailable': False, 'install_base': '/root/stp23_ros2_ws/install/ldlidar', 'merge_install': False, 'path': '/root/stp23_ros2_ws/src/ros2_app/src/ldlidar', 'symlink_install': False, 'test_result_base': None}
[2.504s] INFO:colcon.colcon_core.executor:Executing jobs using 'parallel' executor
[2.509s] DEBUG:colcon.colcon_parallel_executor.executor.parallel:run_until_complete
[2.510s] INFO:colcon.colcon_ros.task.ament_cmake.build:Building ROS package in '/root/stp23_ros2_ws/src/ros2_app/src/ldlidar' with build type 'ament_cmake'
[2.511s] INFO:colcon.colcon_cmake.task.cmake.build:Building CMake package in '/root/stp23_ros2_ws/src/ros2_app/src/ldlidar'
[2.523s] INFO:colcon.colcon_core.plugin_system:Skipping extension 'colcon_core.shell.bat': Not used on non-Windows systems
[2.524s] INFO:colcon.colcon_core.shell:Skip shell extension 'powershell' for command environment: Not usable outside of PowerShell
[2.524s] DEBUG:colcon.colcon_core.shell:Skip shell extension 'dsv' for command environment
[2.565s] DEBUG:colcon.colcon_core.event_handler.log_command:Invoking command in '/root/stp23_ros2_ws/build/ldlidar': CMAKE_PREFIX_PATH=${CMAKE_PREFIX_PATH}:/opt/tros/humble:/opt/ros/humble /usr/bin/cmake --build /root/stp23_ros2_ws/build/ldlidar -- -j8 -l8
[2.874s] DEBUG:colcon.colcon_core.event_handler.log_command:Invoked command in '/root/stp23_ros2_ws/build/ldlidar' returned '0': CMAKE_PREFIX_PATH=${CMAKE_PREFIX_PATH}:/opt/tros/humble:/opt/ros/humble /usr/bin/cmake --build /root/stp23_ros2_ws/build/ldlidar -- -j8 -l8
[2.918s] DEBUG:colcon.colcon_core.event_handler.log_command:Invoking command in '/root/stp23_ros2_ws/build/ldlidar': CMAKE_PREFIX_PATH=${CMAKE_PREFIX_PATH}:/opt/tros/humble:/opt/ros/humble /usr/bin/cmake --install /root/stp23_ros2_ws/build/ldlidar
[2.964s] Level 1:colcon.colcon_core.environment:create_environment_scripts_only(ldlidar)
[2.970s] DEBUG:colcon.colcon_core.event_handler.log_command:Invoked command in '/root/stp23_ros2_ws/build/ldlidar' returned '0': CMAKE_PREFIX_PATH=${CMAKE_PREFIX_PATH}:/opt/tros/humble:/opt/ros/humble /usr/bin/cmake --install /root/stp23_ros2_ws/build/ldlidar
[2.982s] Level 1:colcon.colcon_core.environment:checking '/root/stp23_ros2_ws/install/ldlidar' for CMake module files
[2.986s] Level 1:colcon.colcon_core.environment:checking '/root/stp23_ros2_ws/install/ldlidar' for CMake config files
[2.988s] Level 1:colcon.colcon_core.shell:create_environment_hook('ldlidar', 'cmake_prefix_path')
[2.990s] INFO:colcon.colcon_core.shell:Creating environment hook '/root/stp23_ros2_ws/install/ldlidar/share/ldlidar/hook/cmake_prefix_path.ps1'
[2.994s] INFO:colcon.colcon_core.shell:Creating environment descriptor '/root/stp23_ros2_ws/install/ldlidar/share/ldlidar/hook/cmake_prefix_path.dsv'
[2.997s] INFO:colcon.colcon_core.shell:Creating environment hook '/root/stp23_ros2_ws/install/ldlidar/share/ldlidar/hook/cmake_prefix_path.sh'
[3.002s] Level 1:colcon.colcon_core.environment:checking '/root/stp23_ros2_ws/install/ldlidar/lib'
[3.003s] Level 1:colcon.colcon_core.environment:checking '/root/stp23_ros2_ws/install/ldlidar/bin'
[3.003s] Level 1:colcon.colcon_core.environment:checking '/root/stp23_ros2_ws/install/ldlidar/lib/pkgconfig/ldlidar.pc'
[3.005s] Level 1:colcon.colcon_core.environment:checking '/root/stp23_ros2_ws/install/ldlidar/lib/python3.10/site-packages'
[3.006s] Level 1:colcon.colcon_core.environment:checking '/root/stp23_ros2_ws/install/ldlidar/bin'
[3.008s] INFO:colcon.colcon_core.shell:Creating package script '/root/stp23_ros2_ws/install/ldlidar/share/ldlidar/package.ps1'
[3.014s] INFO:colcon.colcon_core.shell:Creating package descriptor '/root/stp23_ros2_ws/install/ldlidar/share/ldlidar/package.dsv'
[3.018s] INFO:colcon.colcon_core.shell:Creating package script '/root/stp23_ros2_ws/install/ldlidar/share/ldlidar/package.sh'
[3.023s] INFO:colcon.colcon_core.shell:Creating package script '/root/stp23_ros2_ws/install/ldlidar/share/ldlidar/package.bash'
[3.028s] INFO:colcon.colcon_core.shell:Creating package script '/root/stp23_ros2_ws/install/ldlidar/share/ldlidar/package.zsh'
[3.032s] Level 1:colcon.colcon_core.environment:create_file_with_runtime_dependencies(/root/stp23_ros2_ws/install/ldlidar/share/colcon-core/packages/ldlidar)
[3.036s] Level 1:colcon.colcon_core.environment:create_environment_scripts_only(ldlidar)
[3.037s] Level 1:colcon.colcon_core.environment:checking '/root/stp23_ros2_ws/install/ldlidar' for CMake module files
[3.041s] Level 1:colcon.colcon_core.environment:checking '/root/stp23_ros2_ws/install/ldlidar' for CMake config files
[3.042s] Level 1:colcon.colcon_core.shell:create_environment_hook('ldlidar', 'cmake_prefix_path')
[3.043s] INFO:colcon.colcon_core.shell:Creating environment hook '/root/stp23_ros2_ws/install/ldlidar/share/ldlidar/hook/cmake_prefix_path.ps1'
[3.046s] INFO:colcon.colcon_core.shell:Creating environment descriptor '/root/stp23_ros2_ws/install/ldlidar/share/ldlidar/hook/cmake_prefix_path.dsv'
[3.048s] INFO:colcon.colcon_core.shell:Creating environment hook '/root/stp23_ros2_ws/install/ldlidar/share/ldlidar/hook/cmake_prefix_path.sh'
[3.051s] Level 1:colcon.colcon_core.environment:checking '/root/stp23_ros2_ws/install/ldlidar/lib'
[3.051s] Level 1:colcon.colcon_core.environment:checking '/root/stp23_ros2_ws/install/ldlidar/bin'
[3.052s] Level 1:colcon.colcon_core.environment:checking '/root/stp23_ros2_ws/install/ldlidar/lib/pkgconfig/ldlidar.pc'
[3.053s] Level 1:colcon.colcon_core.environment:checking '/root/stp23_ros2_ws/install/ldlidar/lib/python3.10/site-packages'
[3.054s] Level 1:colcon.colcon_core.environment:checking '/root/stp23_ros2_ws/install/ldlidar/bin'
[3.056s] INFO:colcon.colcon_core.shell:Creating package script '/root/stp23_ros2_ws/install/ldlidar/share/ldlidar/package.ps1'
[3.060s] INFO:colcon.colcon_core.shell:Creating package descriptor '/root/stp23_ros2_ws/install/ldlidar/share/ldlidar/package.dsv'
[3.063s] INFO:colcon.colcon_core.shell:Creating package script '/root/stp23_ros2_ws/install/ldlidar/share/ldlidar/package.sh'
[3.066s] INFO:colcon.colcon_core.shell:Creating package script '/root/stp23_ros2_ws/install/ldlidar/share/ldlidar/package.bash'
[3.069s] INFO:colcon.colcon_core.shell:Creating package script '/root/stp23_ros2_ws/install/ldlidar/share/ldlidar/package.zsh'
[3.072s] Level 1:colcon.colcon_core.environment:create_file_with_runtime_dependencies(/root/stp23_ros2_ws/install/ldlidar/share/colcon-core/packages/ldlidar)
[3.073s] DEBUG:colcon.colcon_parallel_executor.executor.parallel:closing loop
[3.075s] DEBUG:colcon.colcon_parallel_executor.executor.parallel:loop closed
[3.075s] DEBUG:colcon.colcon_parallel_executor.executor.parallel:run_until_complete finished with '0'
[3.076s] DEBUG:colcon.colcon_core.event_reactor:joining thread
[3.106s] INFO:colcon.colcon_core.plugin_system:Skipping extension 'colcon_notification.desktop_notification.notify_send': Could not find 'notify-send'
[3.106s] INFO:colcon.colcon_core.plugin_system:Skipping extension 'colcon_notification.desktop_notification.terminal_notifier': Not used on non-Darwin systems
[3.107s] INFO:colcon.colcon_core.plugin_system:Skipping extension 'colcon_notification.desktop_notification.win32': Not used on non-Windows systems
[3.107s] INFO:colcon.colcon_notification.desktop_notification:Sending desktop notification using 'notify2'
[28.135s] DEBUG:colcon.colcon_notification.desktop_notification.notify2:Failed to initialize notify2: org.freedesktop.DBus.Error.NoReply: Did not receive a reply. Possible causes include: the remote application did not send a reply, the message bus security policy blocked the reply, the reply timeout expired, or the network connection was broken.
[28.135s] DEBUG:colcon.colcon_core.event_reactor:joined thread
[28.137s] INFO:colcon.colcon_core.shell:Creating prefix script '/root/stp23_ros2_ws/install/local_setup.ps1'
[28.143s] INFO:colcon.colcon_core.shell:Creating prefix util module '/root/stp23_ros2_ws/install/_local_setup_util_ps1.py'
[28.153s] INFO:colcon.colcon_core.shell:Creating prefix chain script '/root/stp23_ros2_ws/install/setup.ps1'
[28.159s] INFO:colcon.colcon_core.shell:Creating prefix script '/root/stp23_ros2_ws/install/local_setup.sh'
[28.164s] INFO:colcon.colcon_core.shell:Creating prefix util module '/root/stp23_ros2_ws/install/_local_setup_util_sh.py'
[28.168s] INFO:colcon.colcon_core.shell:Creating prefix chain script '/root/stp23_ros2_ws/install/setup.sh'
[28.175s] INFO:colcon.colcon_core.shell:Creating prefix script '/root/stp23_ros2_ws/install/local_setup.bash'
[28.179s] INFO:colcon.colcon_core.shell:Creating prefix chain script '/root/stp23_ros2_ws/install/setup.bash'
[28.185s] INFO:colcon.colcon_core.shell:Creating prefix script '/root/stp23_ros2_ws/install/local_setup.zsh'
[28.188s] INFO:colcon.colcon_core.shell:Creating prefix chain script '/root/stp23_ros2_ws/install/setup.zsh'
