[0.050s] Invoking command in '/root/stp23_ros2_ws/build/ldlidar': CMAKE_PREFIX_PATH=${CMAKE_PREFIX_PATH}:/opt/tros/humble:/opt/ros/humble /usr/bin/cmake --build /root/stp23_ros2_ws/build/ldlidar -- -j8 -l8
[0.307s] [100%] Built target stp23l_ros2node
[0.308s] [100%] Built target stp23_ros2node
[0.356s] Invoked command in '/root/stp23_ros2_ws/build/ldlidar' returned '0': CMAKE_PREFIX_PATH=${CMAKE_PREFIX_PATH}:/opt/tros/humble:/opt/ros/humble /usr/bin/cmake --build /root/stp23_ros2_ws/build/ldlidar -- -j8 -l8
[0.398s] Invoking command in '/root/stp23_ros2_ws/build/ldlidar': CMAKE_PREFIX_PATH=${CMAKE_PREFIX_PATH}:/opt/tros/humble:/opt/ros/humble /usr/bin/cmake --install /root/stp23_ros2_ws/build/ldlidar
[0.432s] -- Install configuration: ""
[0.433s] -- Up-to-date: /root/stp23_ros2_ws/install/ldlidar/lib/ldlidar/stp23_ros2node
[0.434s] -- Up-to-date: /root/stp23_ros2_ws/install/ldlidar/lib/ldlidar/stp23l_ros2node
[0.435s] -- Up-to-date: /root/stp23_ros2_ws/install/ldlidar/share/ldlidar//launch
[0.435s] -- Up-to-date: /root/stp23_ros2_ws/install/ldlidar/share/ldlidar//launch/stp23.launch.py
[0.436s] -- Up-to-date: /root/stp23_ros2_ws/install/ldlidar/share/ldlidar//launch/viewer_stp23l.launch.py
[0.437s] -- Up-to-date: /root/stp23_ros2_ws/install/ldlidar/share/ldlidar//launch/viewer_stp23.launch.py
[0.437s] -- Up-to-date: /root/stp23_ros2_ws/install/ldlidar/share/ldlidar//launch/stp23l.launch.py
[0.438s] -- Up-to-date: /root/stp23_ros2_ws/install/ldlidar/share/ldlidar//rviz2
[0.438s] -- Up-to-date: /root/stp23_ros2_ws/install/ldlidar/share/ldlidar//rviz2/ldlidar.rviz
[0.439s] -- Up-to-date: /root/stp23_ros2_ws/install/ldlidar/share/ament_index/resource_index/package_run_dependencies/ldlidar
[0.439s] -- Up-to-date: /root/stp23_ros2_ws/install/ldlidar/share/ament_index/resource_index/parent_prefix_path/ldlidar
[0.440s] -- Up-to-date: /root/stp23_ros2_ws/install/ldlidar/share/ldlidar/environment/ament_prefix_path.sh
[0.440s] -- Up-to-date: /root/stp23_ros2_ws/install/ldlidar/share/ldlidar/environment/ament_prefix_path.dsv
[0.441s] -- Up-to-date: /root/stp23_ros2_ws/install/ldlidar/share/ldlidar/environment/path.sh
[0.441s] -- Up-to-date: /root/stp23_ros2_ws/install/ldlidar/share/ldlidar/environment/path.dsv
[0.442s] -- Up-to-date: /root/stp23_ros2_ws/install/ldlidar/share/ldlidar/local_setup.bash
[0.442s] -- Up-to-date: /root/stp23_ros2_ws/install/ldlidar/share/ldlidar/local_setup.sh
[0.442s] -- Up-to-date: /root/stp23_ros2_ws/install/ldlidar/share/ldlidar/local_setup.zsh
[0.443s] -- Up-to-date: /root/stp23_ros2_ws/install/ldlidar/share/ldlidar/local_setup.dsv
[0.443s] -- Installing: /root/stp23_ros2_ws/install/ldlidar/share/ldlidar/package.dsv
[0.444s] -- Up-to-date: /root/stp23_ros2_ws/install/ldlidar/share/ament_index/resource_index/packages/ldlidar
[0.444s] -- Up-to-date: /root/stp23_ros2_ws/install/ldlidar/share/ldlidar/cmake/ldlidarConfig.cmake
[0.446s] -- Up-to-date: /root/stp23_ros2_ws/install/ldlidar/share/ldlidar/cmake/ldlidarConfig-version.cmake
[0.448s] -- Up-to-date: /root/stp23_ros2_ws/install/ldlidar/share/ldlidar/package.xml
[0.449s] Invoked command in '/root/stp23_ros2_ws/build/ldlidar' returned '0': CMAKE_PREFIX_PATH=${CMAKE_PREFIX_PATH}:/opt/tros/humble:/opt/ros/humble /usr/bin/cmake --install /root/stp23_ros2_ws/build/ldlidar
